{
  "meta": {
    "format": 3,
    "version": "7.10.6",
    "timestamp": "2025-09-22T13:05:00.026791",
    "branch_coverage": false,
    "show_contexts": false
  },
  "files": {
    "scripts/app.py": {
      "executed_lines": [
        1, 2, 3, 4, 5, 6, 8, 9, 10, 11, 12, 15, 20, 22, 23, 26, 36, 41, 44, 47,
        48, 49, 50, 51, 58, 59, 60, 61, 62, 63, 64, 65, 242, 243, 244, 245, 246,
        257, 258, 259, 260, 261, 269, 270, 271, 272, 273, 291, 292, 303, 304,
        314, 315, 326, 327, 420, 421, 486
      ],
      "summary": {
        "covered_lines": 58,
        "num_statements": 232,
        "percent_covered": 25.0,
        "percent_covered_display": "25",
        "missing_lines": 174,
        "excluded_lines": 0
      },
      "missing_lines": [
        55, 73, 75, 76, 77, 78, 79, 81, 82, 84, 85, 91, 92, 95, 96, 97, 100,
        103, 104, 105, 108, 109, 111, 113, 114, 117, 120, 126, 128, 130, 131,
        132, 135, 136, 139, 140, 141, 142, 143, 144, 145, 146, 147, 149, 150,
        152, 154, 155, 156, 158, 159, 160, 162, 164, 165, 166, 168, 169, 172,
        175, 180, 181, 182, 187, 190, 195, 200, 203, 208, 215, 219, 221, 222,
        223, 224, 231, 232, 234, 235, 236, 237, 238, 239, 253, 254, 266, 267,
        279, 281, 282, 283, 287, 288, 294, 297, 300, 306, 308, 311, 317, 320,
        323, 329, 331, 332, 335, 336, 337, 339, 340, 342, 344, 347, 348, 349,
        350, 351, 352, 355, 356, 357, 358, 359, 360, 362, 363, 366, 367, 368,
        372, 373, 374, 377, 378, 379, 381, 390, 391, 392, 393, 403, 404, 405,
        406, 407, 408, 410, 411, 412, 413, 435, 436, 438, 441, 442, 445, 449,
        450, 452, 454, 456, 457, 460, 461, 464, 465, 466, 467, 470, 480, 482,
        483, 488, 489
      ],
      "excluded_lines": [],
      "functions": {
        "Ping.get": {
          "executed_lines": [],
          "summary": {
            "covered_lines": 0,
            "num_statements": 1,
            "percent_covered": 0.0,
            "percent_covered_display": "0",
            "missing_lines": 1,
            "excluded_lines": 0
          },
          "missing_lines": [55],
          "excluded_lines": []
        },
        "Recognize.post": {
          "executed_lines": [],
          "summary": {
            "covered_lines": 0,
            "num_statements": 82,
            "percent_covered": 0.0,
            "percent_covered_display": "0",
            "missing_lines": 82,
            "excluded_lines": 0
          },
          "missing_lines": [
            73, 75, 76, 77, 78, 79, 81, 82, 84, 85, 91, 92, 95, 96, 97, 100,
            103, 104, 105, 108, 109, 111, 113, 114, 117, 120, 126, 128, 130,
            131, 132, 135, 136, 139, 140, 141, 142, 143, 144, 145, 146, 147,
            149, 150, 152, 154, 155, 156, 158, 159, 160, 162, 164, 165, 166,
            168, 169, 172, 175, 180, 181, 182, 187, 190, 195, 200, 203, 208,
            215, 219, 221, 222, 223, 224, 231, 232, 234, 235, 236, 237, 238, 239
          ],
          "excluded_lines": []
        },
        "UnclassifiedFaces.get": {
          "executed_lines": [],
          "summary": {
            "covered_lines": 0,
            "num_statements": 2,
            "percent_covered": 0.0,
            "percent_covered_display": "0",
            "missing_lines": 2,
            "excluded_lines": 0
          },
          "missing_lines": [253, 254],
          "excluded_lines": []
        },
        "Face.get": {
          "executed_lines": [],
          "summary": {
            "covered_lines": 0,
            "num_statements": 2,
            "percent_covered": 0.0,
            "percent_covered_display": "0",
            "missing_lines": 2,
            "excluded_lines": 0
          },
          "missing_lines": [266, 267],
          "excluded_lines": []
        },
        "Face.patch": {
          "executed_lines": [],
          "summary": {
            "covered_lines": 0,
            "num_statements": 6,
            "percent_covered": 0.0,
            "percent_covered_display": "0",
            "missing_lines": 6,
            "excluded_lines": 0
          },
          "missing_lines": [279, 281, 282, 283, 287, 288],
          "excluded_lines": []
        },
        "home": {
          "executed_lines": [],
          "summary": {
            "covered_lines": 0,
            "num_statements": 3,
            "percent_covered": 0.0,
            "percent_covered_display": "0",
            "missing_lines": 3,
            "excluded_lines": 0
          },
          "missing_lines": [294, 297, 300],
          "excluded_lines": []
        },
        "serve_assets": {
          "executed_lines": [],
          "summary": {
            "covered_lines": 0,
            "num_statements": 3,
            "percent_covered": 0.0,
            "percent_covered_display": "0",
            "missing_lines": 3,
            "excluded_lines": 0
          },
          "missing_lines": [306, 308, 311],
          "excluded_lines": []
        },
        "loadSnapshot": {
          "executed_lines": [],
          "summary": {
            "covered_lines": 0,
            "num_statements": 3,
            "percent_covered": 0.0,
            "percent_covered_display": "0",
            "missing_lines": 3,
            "excluded_lines": 0
          },
          "missing_lines": [317, 320, 323],
          "excluded_lines": []
        },
        "debug_test_webp": {
          "executed_lines": [],
          "summary": {
            "covered_lines": 0,
            "num_statements": 48,
            "percent_covered": 0.0,
            "percent_covered_display": "0",
            "missing_lines": 48,
            "excluded_lines": 0
          },
          "missing_lines": [
            329, 331, 332, 335, 336, 337, 339, 340, 342, 344, 347, 348, 349,
            350, 351, 352, 355, 356, 357, 358, 359, 360, 362, 363, 366, 367,
            368, 372, 373, 374, 377, 378, 379, 381, 390, 391, 392, 393, 403,
            404, 405, 406, 407, 408, 410, 411, 412, 413
          ],
          "excluded_lines": []
        },
        "serve_face_image": {
          "executed_lines": [],
          "summary": {
            "covered_lines": 0,
            "num_statements": 22,
            "percent_covered": 0.0,
            "percent_covered_display": "0",
            "missing_lines": 22,
            "excluded_lines": 0
          },
          "missing_lines": [
            435, 436, 438, 441, 442, 445, 449, 450, 452, 454, 456, 457, 460,
            461, 464, 465, 466, 467, 470, 480, 482, 483
          ],
          "excluded_lines": []
        },
        "": {
          "executed_lines": [
            1, 2, 3, 4, 5, 6, 8, 9, 10, 11, 12, 15, 20, 22, 23, 26, 36, 41, 44,
            47, 48, 49, 50, 51, 58, 59, 60, 61, 62, 63, 64, 65, 242, 243, 244,
            245, 246, 257, 258, 259, 260, 261, 269, 270, 271, 272, 273, 291,
            292, 303, 304, 314, 315, 326, 327, 420, 421, 486
          ],
          "summary": {
            "covered_lines": 58,
            "num_statements": 60,
            "percent_covered": 96.66666666666667,
            "percent_covered_display": "97",
            "missing_lines": 2,
            "excluded_lines": 0
          },
          "missing_lines": [488, 489],
          "excluded_lines": []
        }
      },
      "classes": {
        "Ping": {
          "executed_lines": [],
          "summary": {
            "covered_lines": 0,
            "num_statements": 1,
            "percent_covered": 0.0,
            "percent_covered_display": "0",
            "missing_lines": 1,
            "excluded_lines": 0
          },
          "missing_lines": [55],
          "excluded_lines": []
        },
        "Recognize": {
          "executed_lines": [],
          "summary": {
            "covered_lines": 0,
            "num_statements": 82,
            "percent_covered": 0.0,
            "percent_covered_display": "0",
            "missing_lines": 82,
            "excluded_lines": 0
          },
          "missing_lines": [
            73, 75, 76, 77, 78, 79, 81, 82, 84, 85, 91, 92, 95, 96, 97, 100,
            103, 104, 105, 108, 109, 111, 113, 114, 117, 120, 126, 128, 130,
            131, 132, 135, 136, 139, 140, 141, 142, 143, 144, 145, 146, 147,
            149, 150, 152, 154, 155, 156, 158, 159, 160, 162, 164, 165, 166,
            168, 169, 172, 175, 180, 181, 182, 187, 190, 195, 200, 203, 208,
            215, 219, 221, 222, 223, 224, 231, 232, 234, 235, 236, 237, 238, 239
          ],
          "excluded_lines": []
        },
        "UnclassifiedFaces": {
          "executed_lines": [],
          "summary": {
            "covered_lines": 0,
            "num_statements": 2,
            "percent_covered": 0.0,
            "percent_covered_display": "0",
            "missing_lines": 2,
            "excluded_lines": 0
          },
          "missing_lines": [253, 254],
          "excluded_lines": []
        },
        "Face": {
          "executed_lines": [],
          "summary": {
            "covered_lines": 0,
            "num_statements": 8,
            "percent_covered": 0.0,
            "percent_covered_display": "0",
            "missing_lines": 8,
            "excluded_lines": 0
          },
          "missing_lines": [266, 267, 279, 281, 282, 283, 287, 288],
          "excluded_lines": []
        },
        "": {
          "executed_lines": [
            1, 2, 3, 4, 5, 6, 8, 9, 10, 11, 12, 15, 20, 22, 23, 26, 36, 41, 44,
            47, 48, 49, 50, 51, 58, 59, 60, 61, 62, 63, 64, 65, 242, 243, 244,
            245, 246, 257, 258, 259, 260, 261, 269, 270, 271, 272, 273, 291,
            292, 303, 304, 314, 315, 326, 327, 420, 421, 486
          ],
          "summary": {
            "covered_lines": 58,
            "num_statements": 139,
            "percent_covered": 41.726618705035975,
            "percent_covered_display": "42",
            "missing_lines": 81,
            "excluded_lines": 0
          },
          "missing_lines": [
            294, 297, 300, 306, 308, 311, 317, 320, 323, 329, 331, 332, 335,
            336, 337, 339, 340, 342, 344, 347, 348, 349, 350, 351, 352, 355,
            356, 357, 358, 359, 360, 362, 363, 366, 367, 368, 372, 373, 374,
            377, 378, 379, 381, 390, 391, 392, 393, 403, 404, 405, 406, 407,
            408, 410, 411, 412, 413, 435, 436, 438, 441, 442, 445, 449, 450,
            452, 454, 456, 457, 460, 461, 464, 465, 466, 467, 470, 480, 482,
            483, 488, 489
          ],
          "excluded_lines": []
        }
      }
    },
    "scripts/clasificador.py": {
      "executed_lines": [
        1, 2, 3, 4, 5, 6, 7, 8, 10, 11, 12, 13, 16, 19, 24, 26, 29, 32, 35, 40,
        46, 49, 52, 55, 58, 63, 68, 73, 78, 79, 80, 81, 82, 83, 89, 92, 95, 96,
        97, 98, 99, 103, 106, 111, 115, 118, 120, 123, 125, 128, 133, 135, 138,
        147, 148, 151, 152, 153, 154, 157, 158, 159, 160, 163, 164, 165, 167,
        174, 236, 271, 280, 281, 284, 285, 286, 287, 290, 291, 292, 293, 295,
        297, 298, 300, 301, 304, 305, 306, 307, 308, 310, 313, 321, 324, 331,
        339, 342, 352, 353, 359, 360, 361, 363, 367, 374, 384, 385, 388, 389,
        390, 393, 394, 395, 396, 436, 448, 451, 460, 461, 464, 465, 466, 467,
        469, 471, 472, 474, 476, 549, 550, 566, 567, 568, 571, 577, 578, 579,
        580, 581, 587, 594, 595, 596, 597, 598, 606, 608, 611
      ],
      "summary": {
        "covered_lines": 148,
        "num_statements": 240,
        "percent_covered": 61.666666666666664,
        "percent_covered_display": "62",
        "missing_lines": 92,
        "excluded_lines": 0
      },
      "missing_lines": [
        84, 85, 86, 100, 101, 102, 108, 130, 169, 170, 171, 183, 185, 186, 188,
        191, 194, 197, 200, 204, 205, 206, 207, 210, 217, 225, 226, 227, 245,
        247, 250, 252, 253, 255, 258, 259, 262, 264, 266, 267, 268, 317, 318,
        325, 329, 332, 336, 369, 370, 371, 398, 400, 401, 403, 416, 417, 419,
        421, 422, 423, 425, 429, 431, 432, 433, 483, 484, 485, 486, 488, 490,
        499, 504, 506, 519, 526, 533, 538, 545, 547, 552, 561, 563, 564, 582,
        583, 584, 600, 601, 602, 603, 616
      ],
      "excluded_lines": [],
      "functions": {
        "get_qdrant_adapter_instance": {
          "executed_lines": [95, 96, 97, 98, 99, 103],
          "summary": {
            "covered_lines": 6,
            "num_statements": 9,
            "percent_covered": 66.66666666666667,
            "percent_covered_display": "67",
            "missing_lines": 3,
            "excluded_lines": 0
          },
          "missing_lines": [100, 101, 102],
          "excluded_lines": []
        },
        "db_save_face": {
          "executed_lines": [],
          "summary": {
            "covered_lines": 0,
            "num_statements": 1,
            "percent_covered": 0.0,
            "percent_covered_display": "0",
            "missing_lines": 1,
            "excluded_lines": 0
          },
          "missing_lines": [108],
          "excluded_lines": []
        },
        "db_search_similar": {
          "executed_lines": [115],
          "summary": {
            "covered_lines": 1,
            "num_statements": 1,
            "percent_covered": 100.0,
            "percent_covered_display": "100",
            "missing_lines": 0,
            "excluded_lines": 0
          },
          "missing_lines": [],
          "excluded_lines": []
        },
        "db_get_face": {
          "executed_lines": [120],
          "summary": {
            "covered_lines": 1,
            "num_statements": 1,
            "percent_covered": 100.0,
            "percent_covered_display": "100",
            "missing_lines": 0,
            "excluded_lines": 0
          },
          "missing_lines": [],
          "excluded_lines": []
        },
        "db_update_face": {
          "executed_lines": [125],
          "summary": {
            "covered_lines": 1,
            "num_statements": 1,
            "percent_covered": 100.0,
            "percent_covered_display": "100",
            "missing_lines": 0,
            "excluded_lines": 0
          },
          "missing_lines": [],
          "excluded_lines": []
        },
        "db_get_unclassified_faces": {
          "executed_lines": [],
          "summary": {
            "covered_lines": 0,
            "num_statements": 1,
            "percent_covered": 0.0,
            "percent_covered_display": "0",
            "missing_lines": 1,
            "excluded_lines": 0
          },
          "missing_lines": [130],
          "excluded_lines": []
        },
        "db_check_recent_detection": {
          "executed_lines": [135],
          "summary": {
            "covered_lines": 1,
            "num_statements": 1,
            "percent_covered": 100.0,
            "percent_covered_display": "100",
            "missing_lines": 0,
            "excluded_lines": 0
          },
          "missing_lines": [],
          "excluded_lines": []
        },
        "extract_face_embedding": {
          "executed_lines": [
            147, 148, 151, 152, 153, 154, 157, 158, 159, 160, 163, 164, 165, 167
          ],
          "summary": {
            "covered_lines": 14,
            "num_statements": 17,
            "percent_covered": 82.3529411764706,
            "percent_covered_display": "82",
            "missing_lines": 3,
            "excluded_lines": 0
          },
          "missing_lines": [169, 170, 171],
          "excluded_lines": []
        },
        "calculate_face_quality_metrics": {
          "executed_lines": [],
          "summary": {
            "covered_lines": 0,
            "num_statements": 17,
            "percent_covered": 0.0,
            "percent_covered_display": "0",
            "missing_lines": 17,
            "excluded_lines": 0
          },
          "missing_lines": [
            183, 185, 186, 188, 191, 194, 197, 200, 204, 205, 206, 207, 210,
            217, 225, 226, 227
          ],
          "excluded_lines": []
        },
        "create_face_thumbnail": {
          "executed_lines": [],
          "summary": {
            "covered_lines": 0,
            "num_statements": 13,
            "percent_covered": 0.0,
            "percent_covered_display": "0",
            "missing_lines": 13,
            "excluded_lines": 0
          },
          "missing_lines": [
            245, 247, 250, 252, 253, 255, 258, 259, 262, 264, 266, 267, 268
          ],
          "excluded_lines": []
        },
        "extract_faces_with_crops": {
          "executed_lines": [
            280, 281, 284, 285, 286, 287, 290, 291, 292, 293, 295, 297, 298,
            300, 301, 304, 305, 306, 307, 308, 310, 313, 321, 324, 331, 339,
            342, 352, 353, 359, 360, 361, 363, 367
          ],
          "summary": {
            "covered_lines": 34,
            "num_statements": 43,
            "percent_covered": 79.06976744186046,
            "percent_covered_display": "79",
            "missing_lines": 9,
            "excluded_lines": 0
          },
          "missing_lines": [317, 318, 325, 329, 332, 336, 369, 370, 371],
          "excluded_lines": []
        },
        "save_multiple_faces_optimized": {
          "executed_lines": [384, 385, 388, 389, 390, 393, 394, 395, 396],
          "summary": {
            "covered_lines": 9,
            "num_statements": 24,
            "percent_covered": 37.5,
            "percent_covered_display": "38",
            "missing_lines": 15,
            "excluded_lines": 0
          },
          "missing_lines": [
            398, 400, 401, 403, 416, 417, 419, 421, 422, 423, 425, 429, 431,
            432, 433
          ],
          "excluded_lines": []
        },
        "save_multiple_faces": {
          "executed_lines": [448],
          "summary": {
            "covered_lines": 1,
            "num_statements": 1,
            "percent_covered": 100.0,
            "percent_covered_display": "100",
            "missing_lines": 0,
            "excluded_lines": 0
          },
          "missing_lines": [],
          "excluded_lines": []
        },
        "identify_all_faces": {
          "executed_lines": [
            460, 461, 464, 465, 466, 467, 469, 471, 472, 474, 476, 549, 550,
            566, 567, 568
          ],
          "summary": {
            "covered_lines": 16,
            "num_statements": 35,
            "percent_covered": 45.714285714285715,
            "percent_covered_display": "46",
            "missing_lines": 19,
            "excluded_lines": 0
          },
          "missing_lines": [
            483, 484, 485, 486, 488, 490, 499, 504, 506, 519, 526, 533, 538,
            545, 547, 552, 561, 563, 564
          ],
          "excluded_lines": []
        },
        "get_unclassified_faces": {
          "executed_lines": [577, 578, 579, 580, 581],
          "summary": {
            "covered_lines": 5,
            "num_statements": 8,
            "percent_covered": 62.5,
            "percent_covered_display": "62",
            "missing_lines": 3,
            "excluded_lines": 0
          },
          "missing_lines": [582, 583, 584],
          "excluded_lines": []
        },
        "update_face": {
          "executed_lines": [594, 595, 596, 597, 598],
          "summary": {
            "covered_lines": 5,
            "num_statements": 9,
            "percent_covered": 55.55555555555556,
            "percent_covered_display": "56",
            "missing_lines": 4,
            "excluded_lines": 0
          },
          "missing_lines": [600, 601, 602, 603],
          "excluded_lines": []
        },
        "get_face": {
          "executed_lines": [608],
          "summary": {
            "covered_lines": 1,
            "num_statements": 1,
            "percent_covered": 100.0,
            "percent_covered_display": "100",
            "missing_lines": 0,
            "excluded_lines": 0
          },
          "missing_lines": [],
          "excluded_lines": []
        },
        "get_face_with_thumbnail": {
          "executed_lines": [],
          "summary": {
            "covered_lines": 0,
            "num_statements": 1,
            "percent_covered": 0.0,
            "percent_covered_display": "0",
            "missing_lines": 1,
            "excluded_lines": 0
          },
          "missing_lines": [616],
          "excluded_lines": []
        },
        "": {
          "executed_lines": [
            1, 2, 3, 4, 5, 6, 7, 8, 10, 11, 12, 13, 16, 19, 24, 26, 29, 32, 35,
            40, 46, 49, 52, 55, 58, 63, 68, 73, 78, 79, 80, 81, 82, 83, 89, 92,
            106, 111, 118, 123, 128, 133, 138, 174, 236, 271, 374, 436, 451,
            571, 587, 606, 611
          ],
          "summary": {
            "covered_lines": 53,
            "num_statements": 56,
            "percent_covered": 94.64285714285714,
            "percent_covered_display": "95",
            "missing_lines": 3,
            "excluded_lines": 0
          },
          "missing_lines": [84, 85, 86],
          "excluded_lines": []
        }
      },
      "classes": {
        "": {
          "executed_lines": [
            1, 2, 3, 4, 5, 6, 7, 8, 10, 11, 12, 13, 16, 19, 24, 26, 29, 32, 35,
            40, 46, 49, 52, 55, 58, 63, 68, 73, 78, 79, 80, 81, 82, 83, 89, 92,
            95, 96, 97, 98, 99, 103, 106, 111, 115, 118, 120, 123, 125, 128,
            133, 135, 138, 147, 148, 151, 152, 153, 154, 157, 158, 159, 160,
            163, 164, 165, 167, 174, 236, 271, 280, 281, 284, 285, 286, 287,
            290, 291, 292, 293, 295, 297, 298, 300, 301, 304, 305, 306, 307,
            308, 310, 313, 321, 324, 331, 339, 342, 352, 353, 359, 360, 361,
            363, 367, 374, 384, 385, 388, 389, 390, 393, 394, 395, 396, 436,
            448, 451, 460, 461, 464, 465, 466, 467, 469, 471, 472, 474, 476,
            549, 550, 566, 567, 568, 571, 577, 578, 579, 580, 581, 587, 594,
            595, 596, 597, 598, 606, 608, 611
          ],
          "summary": {
            "covered_lines": 148,
            "num_statements": 240,
            "percent_covered": 61.666666666666664,
            "percent_covered_display": "62",
            "missing_lines": 92,
            "excluded_lines": 0
          },
          "missing_lines": [
            84, 85, 86, 100, 101, 102, 108, 130, 169, 170, 171, 183, 185, 186,
            188, 191, 194, 197, 200, 204, 205, 206, 207, 210, 217, 225, 226,
            227, 245, 247, 250, 252, 253, 255, 258, 259, 262, 264, 266, 267,
            268, 317, 318, 325, 329, 332, 336, 369, 370, 371, 398, 400, 401,
            403, 416, 417, 419, 421, 422, 423, 425, 429, 431, 432, 433, 483,
            484, 485, 486, 488, 490, 499, 504, 506, 519, 526, 533, 538, 545,
            547, 552, 561, 563, 564, 582, 583, 584, 600, 601, 602, 603, 616
          ],
          "excluded_lines": []
        }
      }
    },
    "scripts/migrate_to_optimized_storage.py": {
      "executed_lines": [],
      "summary": {
        "covered_lines": 0,
        "num_statements": 143,
        "percent_covered": 0.0,
        "percent_covered_display": "0",
        "missing_lines": 143,
        "excluded_lines": 0
      },
      "missing_lines": [
        23, 24, 25, 26, 27, 28, 29, 31, 34, 39, 42, 44, 46, 48, 50, 51, 52, 55,
        56, 58, 59, 61, 63, 67, 69, 72, 74, 75, 77, 79, 81, 92, 94, 95, 96, 99,
        101, 103, 104, 105, 106, 108, 111, 113, 114, 116, 117, 118, 121, 125,
        128, 129, 130, 135, 136, 137, 141, 142, 143, 146, 168, 171, 174, 175,
        177, 179, 180, 181, 183, 184, 185, 187, 189, 190, 191, 201, 203, 204,
        205, 207, 209, 213, 214, 216, 218, 219, 220, 222, 223, 227, 230, 233,
        234, 236, 238, 241, 242, 243, 247, 250, 252, 254, 255, 256, 257, 259,
        268, 269, 270, 273, 275, 278, 283, 289, 295, 298, 300, 301, 304, 307,
        308, 309, 310, 312, 313, 316, 317, 318, 320, 321, 322, 323, 324, 325,
        326, 327, 328, 329, 330, 331, 333, 336, 337
      ],
      "excluded_lines": [],
      "functions": {
        "analyze_current_database": {
          "executed_lines": [],
          "summary": {
            "covered_lines": 0,
            "num_statements": 24,
            "percent_covered": 0.0,
            "percent_covered_display": "0",
            "missing_lines": 24,
            "excluded_lines": 0
          },
          "missing_lines": [
            44, 46, 48, 50, 51, 52, 55, 56, 58, 59, 61, 63, 67, 69, 72, 74, 75,
            77, 79, 81, 92, 94, 95, 96
          ],
          "excluded_lines": []
        },
        "create_database_backup": {
          "executed_lines": [],
          "summary": {
            "covered_lines": 0,
            "num_statements": 12,
            "percent_covered": 0.0,
            "percent_covered_display": "0",
            "missing_lines": 12,
            "excluded_lines": 0
          },
          "missing_lines": [
            101, 103, 104, 105, 106, 108, 111, 113, 114, 116, 117, 118
          ],
          "excluded_lines": []
        },
        "migrate_legacy_record": {
          "executed_lines": [],
          "summary": {
            "covered_lines": 0,
            "num_statements": 12,
            "percent_covered": 0.0,
            "percent_covered_display": "0",
            "missing_lines": 12,
            "excluded_lines": 0
          },
          "missing_lines": [
            125, 128, 129, 130, 135, 136, 137, 141, 142, 143, 146, 168
          ],
          "excluded_lines": []
        },
        "perform_migration": {
          "executed_lines": [],
          "summary": {
            "covered_lines": 0,
            "num_statements": 47,
            "percent_covered": 0.0,
            "percent_covered_display": "0",
            "missing_lines": 47,
            "excluded_lines": 0
          },
          "missing_lines": [
            174, 175, 177, 179, 180, 181, 183, 184, 185, 187, 189, 190, 191,
            201, 203, 204, 205, 207, 209, 213, 214, 216, 218, 219, 220, 222,
            223, 227, 230, 233, 234, 236, 238, 241, 242, 243, 247, 250, 252,
            254, 255, 256, 257, 259, 268, 269, 270
          ],
          "excluded_lines": []
        },
        "main": {
          "executed_lines": [],
          "summary": {
            "covered_lines": 0,
            "num_statements": 31,
            "percent_covered": 0.0,
            "percent_covered_display": "0",
            "missing_lines": 31,
            "excluded_lines": 0
          },
          "missing_lines": [
            275, 278, 283, 289, 295, 298, 300, 301, 304, 307, 308, 309, 310,
            312, 313, 316, 317, 318, 320, 321, 322, 323, 324, 325, 326, 327,
            328, 329, 330, 331, 333
          ],
          "excluded_lines": []
        },
        "": {
          "executed_lines": [],
          "summary": {
            "covered_lines": 0,
            "num_statements": 17,
            "percent_covered": 0.0,
            "percent_covered_display": "0",
            "missing_lines": 17,
            "excluded_lines": 0
          },
          "missing_lines": [
            23, 24, 25, 26, 27, 28, 29, 31, 34, 39, 42, 99, 121, 171, 273, 336,
            337
          ],
          "excluded_lines": []
        }
      },
      "classes": {
        "": {
          "executed_lines": [],
          "summary": {
            "covered_lines": 0,
            "num_statements": 143,
            "percent_covered": 0.0,
            "percent_covered_display": "0",
            "missing_lines": 143,
            "excluded_lines": 0
          },
          "missing_lines": [
            23, 24, 25, 26, 27, 28, 29, 31, 34, 39, 42, 44, 46, 48, 50, 51, 52,
            55, 56, 58, 59, 61, 63, 67, 69, 72, 74, 75, 77, 79, 81, 92, 94, 95,
            96, 99, 101, 103, 104, 105, 106, 108, 111, 113, 114, 116, 117, 118,
            121, 125, 128, 129, 130, 135, 136, 137, 141, 142, 143, 146, 168,
            171, 174, 175, 177, 179, 180, 181, 183, 184, 185, 187, 189, 190,
            191, 201, 203, 204, 205, 207, 209, 213, 214, 216, 218, 219, 220,
            222, 223, 227, 230, 233, 234, 236, 238, 241, 242, 243, 247, 250,
            252, 254, 255, 256, 257, 259, 268, 269, 270, 273, 275, 278, 283,
            289, 295, 298, 300, 301, 304, 307, 308, 309, 310, 312, 313, 316,
            317, 318, 320, 321, 322, 323, 324, 325, 326, 327, 328, 329, 330,
            331, 333, 336, 337
          ],
          "excluded_lines": []
        }
      }
    },
    "scripts/models.py": {
      "executed_lines": [1, 3, 6, 9, 14, 26, 43, 71, 85, 95, 105, 109],
      "summary": {
        "covered_lines": 12,
        "num_statements": 12,
        "percent_covered": 100.0,
        "percent_covered_display": "100",
        "missing_lines": 0,
        "excluded_lines": 0
      },
      "missing_lines": [],
      "excluded_lines": [],
      "functions": {
        "create_models": {
          "executed_lines": [9, 14, 26, 43, 71, 85, 95, 105, 109],
          "summary": {
            "covered_lines": 9,
            "num_statements": 9,
            "percent_covered": 100.0,
            "percent_covered_display": "100",
            "missing_lines": 0,
            "excluded_lines": 0
          },
          "missing_lines": [],
          "excluded_lines": []
        },
        "": {
          "executed_lines": [1, 3, 6],
          "summary": {
            "covered_lines": 3,
            "num_statements": 3,
            "percent_covered": 100.0,
            "percent_covered_display": "100",
            "missing_lines": 0,
            "excluded_lines": 0
          },
          "missing_lines": [],
          "excluded_lines": []
        }
      },
      "classes": {
        "": {
          "executed_lines": [1, 3, 6, 9, 14, 26, 43, 71, 85, 95, 105, 109],
          "summary": {
            "covered_lines": 12,
            "num_statements": 12,
            "percent_covered": 100.0,
            "percent_covered_display": "100",
            "missing_lines": 0,
            "excluded_lines": 0
          },
          "missing_lines": [],
          "excluded_lines": []
        }
      }
    },
    "scripts/qdrant_adapter.py": {
      "executed_lines": [
        1, 15, 16, 17, 18, 19, 21, 22, 23, 25, 28, 29, 30, 31, 34, 35, 38, 41,
        42, 45, 46, 53, 55, 56, 57, 59, 61, 62, 64, 65, 66, 67, 104, 106, 107,
        108, 110, 111, 112, 118, 126, 182, 226, 259, 309, 338, 381, 391, 394,
        395, 396, 398, 413, 414, 420, 426, 452, 455, 458, 459, 460
      ],
      "summary": {
        "covered_lines": 59,
        "num_statements": 166,
        "percent_covered": 35.54216867469879,
        "percent_covered_display": "36",
        "missing_lines": 107,
        "excluded_lines": 0
      },
      "missing_lines": [
        68, 70, 71, 74, 78, 79, 82, 83, 84, 86, 87, 90, 91, 92, 96, 97, 99, 102,
        120, 122, 123, 124, 137, 138, 141, 155, 159, 160, 163, 164, 166, 175,
        176, 178, 179, 180, 196, 197, 198, 202, 210, 211, 212, 213, 214, 215,
        217, 219, 220, 222, 223, 224, 236, 238, 251, 252, 253, 255, 256, 257,
        270, 272, 285, 286, 287, 289, 290, 291, 294, 295, 298, 302, 303, 305,
        306, 307, 316, 317, 330, 331, 332, 334, 335, 336, 348, 350, 363, 364,
        365, 367, 369, 374, 375, 377, 378, 379, 392, 415, 422, 423, 424, 433,
        434, 436, 446, 447, 448
      ],
      "excluded_lines": [],
      "functions": {
        "QdrantAdapter.__init__": {
          "executed_lines": [55, 56, 57],
          "summary": {
            "covered_lines": 3,
            "num_statements": 3,
            "percent_covered": 100.0,
            "percent_covered_display": "100",
            "missing_lines": 0,
            "excluded_lines": 0
          },
          "missing_lines": [],
          "excluded_lines": []
        },
        "QdrantAdapter._connect_with_retry": {
          "executed_lines": [61, 62, 64, 65, 66, 67],
          "summary": {
            "covered_lines": 6,
            "num_statements": 24,
            "percent_covered": 25.0,
            "percent_covered_display": "25",
            "missing_lines": 18,
            "excluded_lines": 0
          },
          "missing_lines": [
            68, 70, 71, 74, 78, 79, 82, 83, 84, 86, 87, 90, 91, 92, 96, 97, 99,
            102
          ],
          "excluded_lines": []
        },
        "QdrantAdapter._ensure_collection": {
          "executed_lines": [106, 107, 108, 110, 111, 112, 118],
          "summary": {
            "covered_lines": 7,
            "num_statements": 11,
            "percent_covered": 63.63636363636363,
            "percent_covered_display": "64",
            "missing_lines": 4,
            "excluded_lines": 0
          },
          "missing_lines": [120, 122, 123, 124],
          "excluded_lines": []
        },
        "QdrantAdapter.save_face": {
          "executed_lines": [],
          "summary": {
            "covered_lines": 0,
            "num_statements": 14,
            "percent_covered": 0.0,
            "percent_covered_display": "0",
            "missing_lines": 14,
            "excluded_lines": 0
          },
          "missing_lines": [
            137, 138, 141, 155, 159, 160, 163, 164, 166, 175, 176, 178, 179, 180
          ],
          "excluded_lines": []
        },
        "QdrantAdapter.search_similar_faces": {
          "executed_lines": [],
          "summary": {
            "covered_lines": 0,
            "num_statements": 16,
            "percent_covered": 0.0,
            "percent_covered_display": "0",
            "missing_lines": 16,
            "excluded_lines": 0
          },
          "missing_lines": [
            196, 197, 198, 202, 210, 211, 212, 213, 214, 215, 217, 219, 220,
            222, 223, 224
          ],
          "excluded_lines": []
        },
        "QdrantAdapter.get_face": {
          "executed_lines": [],
          "summary": {
            "covered_lines": 0,
            "num_statements": 8,
            "percent_covered": 0.0,
            "percent_covered_display": "0",
            "missing_lines": 8,
            "excluded_lines": 0
          },
          "missing_lines": [236, 238, 251, 252, 253, 255, 256, 257],
          "excluded_lines": []
        },
        "QdrantAdapter.update_face": {
          "executed_lines": [],
          "summary": {
            "covered_lines": 0,
            "num_statements": 16,
            "percent_covered": 0.0,
            "percent_covered_display": "0",
            "missing_lines": 16,
            "excluded_lines": 0
          },
          "missing_lines": [
            270, 272, 285, 286, 287, 289, 290, 291, 294, 295, 298, 302, 303,
            305, 306, 307
          ],
          "excluded_lines": []
        },
        "QdrantAdapter.get_unclassified_faces": {
          "executed_lines": [],
          "summary": {
            "covered_lines": 0,
            "num_statements": 8,
            "percent_covered": 0.0,
            "percent_covered_display": "0",
            "missing_lines": 8,
            "excluded_lines": 0
          },
          "missing_lines": [316, 317, 330, 331, 332, 334, 335, 336],
          "excluded_lines": []
        },
        "QdrantAdapter.delete_face": {
          "executed_lines": [],
          "summary": {
            "covered_lines": 0,
            "num_statements": 12,
            "percent_covered": 0.0,
            "percent_covered_display": "0",
            "missing_lines": 12,
            "excluded_lines": 0
          },
          "missing_lines": [
            348, 350, 363, 364, 365, 367, 369, 374, 375, 377, 378, 379
          ],
          "excluded_lines": []
        },
        "QdrantAdapter.check_recent_detection": {
          "executed_lines": [391, 394, 395, 396, 398, 413, 414, 420],
          "summary": {
            "covered_lines": 8,
            "num_statements": 13,
            "percent_covered": 61.53846153846154,
            "percent_covered_display": "62",
            "missing_lines": 5,
            "excluded_lines": 0
          },
          "missing_lines": [392, 415, 422, 423, 424],
          "excluded_lines": []
        },
        "QdrantAdapter.get_stats": {
          "executed_lines": [],
          "summary": {
            "covered_lines": 0,
            "num_statements": 6,
            "percent_covered": 0.0,
            "percent_covered_display": "0",
            "missing_lines": 6,
            "excluded_lines": 0
          },
          "missing_lines": [433, 434, 436, 446, 447, 448],
          "excluded_lines": []
        },
        "get_qdrant_adapter": {
          "executed_lines": [458, 459, 460],
          "summary": {
            "covered_lines": 3,
            "num_statements": 3,
            "percent_covered": 100.0,
            "percent_covered_display": "100",
            "missing_lines": 0,
            "excluded_lines": 0
          },
          "missing_lines": [],
          "excluded_lines": []
        },
        "": {
          "executed_lines": [
            1, 15, 16, 17, 18, 19, 21, 22, 23, 25, 28, 29, 30, 31, 34, 35, 38,
            41, 42, 45, 46, 53, 59, 104, 126, 182, 226, 259, 309, 338, 381, 426,
            452, 455
          ],
          "summary": {
            "covered_lines": 32,
            "num_statements": 32,
            "percent_covered": 100.0,
            "percent_covered_display": "100",
            "missing_lines": 0,
            "excluded_lines": 0
          },
          "missing_lines": [],
          "excluded_lines": []
        }
      },
      "classes": {
        "QdrantAdapter": {
          "executed_lines": [
            55, 56, 57, 61, 62, 64, 65, 66, 67, 106, 107, 108, 110, 111, 112,
            118, 391, 394, 395, 396, 398, 413, 414, 420
          ],
          "summary": {
            "covered_lines": 24,
            "num_statements": 131,
            "percent_covered": 18.3206106870229,
            "percent_covered_display": "18",
            "missing_lines": 107,
            "excluded_lines": 0
          },
          "missing_lines": [
            68, 70, 71, 74, 78, 79, 82, 83, 84, 86, 87, 90, 91, 92, 96, 97, 99,
            102, 120, 122, 123, 124, 137, 138, 141, 155, 159, 160, 163, 164,
            166, 175, 176, 178, 179, 180, 196, 197, 198, 202, 210, 211, 212,
            213, 214, 215, 217, 219, 220, 222, 223, 224, 236, 238, 251, 252,
            253, 255, 256, 257, 270, 272, 285, 286, 287, 289, 290, 291, 294,
            295, 298, 302, 303, 305, 306, 307, 316, 317, 330, 331, 332, 334,
            335, 336, 348, 350, 363, 364, 365, 367, 369, 374, 375, 377, 378,
            379, 392, 415, 422, 423, 424, 433, 434, 436, 446, 447, 448
          ],
          "excluded_lines": []
        },
        "": {
          "executed_lines": [
            1, 15, 16, 17, 18, 19, 21, 22, 23, 25, 28, 29, 30, 31, 34, 35, 38,
            41, 42, 45, 46, 53, 59, 104, 126, 182, 226, 259, 309, 338, 381, 426,
            452, 455, 458, 459, 460
          ],
          "summary": {
            "covered_lines": 35,
            "num_statements": 35,
            "percent_covered": 100.0,
            "percent_covered_display": "100",
            "missing_lines": 0,
            "excluded_lines": 0
          },
          "missing_lines": [],
          "excluded_lines": []
        }
      }
    }
  },
  "totals": {
    "covered_lines": 277,
    "num_statements": 793,
    "percent_covered": 34.93064312736444,
    "percent_covered_display": "35",
    "missing_lines": 516,
    "excluded_lines": 0
  }
}
