{
  "meta": {
    "format": 3,
    "version": "7.10.6",
    "timestamp": "2025-09-24T11:43:29.403203",
    "branch_coverage": false,
    "show_contexts": false
  },
  "files": {
    "scripts/app.py": {
      "executed_lines": [
        1, 2, 3, 4, 5, 6, 8, 9, 10, 11, 12, 15, 20, 22, 23, 26, 36, 41, 44, 47,
        48, 49, 50, 51, 58, 59, 60, 61, 62, 63, 64, 65, 242, 243, 244, 245, 246,
        257, 258, 259, 260, 261, 269, 270, 271, 272, 273, 291, 292, 303, 304,
        314, 315, 326, 327, 420, 421, 479
      ],
      "summary": {
        "covered_lines": 58,
        "num_statements": 230,
        "percent_covered": 25.217391304347824,
        "percent_covered_display": "25.2",
        "missing_lines": 172,
        "excluded_lines": 0
      },
      "missing_lines": [
        55, 73, 75, 76, 77, 78, 79, 81, 82, 84, 85, 91, 92, 95, 96, 97, 100,
        103, 104, 105, 108, 109, 111, 113, 114, 117, 120, 126, 128, 130, 131,
        132, 135, 136, 139, 140, 141, 142, 143, 144, 145, 146, 147, 149, 150,
        152, 154, 155, 156, 158, 159, 160, 162, 164, 165, 166, 168, 169, 172,
        175, 180, 181, 182, 187, 190, 195, 200, 203, 208, 215, 219, 221, 222,
        223, 224, 231, 232, 234, 235, 236, 237, 238, 239, 253, 254, 266, 267,
        279, 281, 282, 283, 287, 288, 294, 297, 300, 306, 308, 311, 317, 320,
        323, 329, 331, 332, 335, 336, 337, 339, 340, 342, 344, 347, 348, 349,
        350, 351, 352, 355, 356, 357, 358, 359, 360, 362, 363, 366, 367, 368,
        372, 373, 374, 377, 378, 379, 381, 390, 391, 392, 393, 403, 404, 405,
        406, 407, 408, 410, 411, 412, 413, 435, 437, 440, 441, 444, 448, 449,
        451, 453, 455, 456, 459, 460, 461, 464, 471, 472, 473, 475, 476, 481,
        482
      ],
      "excluded_lines": [],
      "functions": {
        "Ping.get": {
          "executed_lines": [],
          "summary": {
            "covered_lines": 0,
            "num_statements": 1,
            "percent_covered": 0.0,
            "percent_covered_display": "0.0",
            "missing_lines": 1,
            "excluded_lines": 0
          },
          "missing_lines": [55],
          "excluded_lines": []
        },
        "Recognize.post": {
          "executed_lines": [],
          "summary": {
            "covered_lines": 0,
            "num_statements": 82,
            "percent_covered": 0.0,
            "percent_covered_display": "0.0",
            "missing_lines": 82,
            "excluded_lines": 0
          },
          "missing_lines": [
            73, 75, 76, 77, 78, 79, 81, 82, 84, 85, 91, 92, 95, 96, 97, 100,
            103, 104, 105, 108, 109, 111, 113, 114, 117, 120, 126, 128, 130,
            131, 132, 135, 136, 139, 140, 141, 142, 143, 144, 145, 146, 147,
            149, 150, 152, 154, 155, 156, 158, 159, 160, 162, 164, 165, 166,
            168, 169, 172, 175, 180, 181, 182, 187, 190, 195, 200, 203, 208,
            215, 219, 221, 222, 223, 224, 231, 232, 234, 235, 236, 237, 238, 239
          ],
          "excluded_lines": []
        },
        "UnclassifiedFaces.get": {
          "executed_lines": [],
          "summary": {
            "covered_lines": 0,
            "num_statements": 2,
            "percent_covered": 0.0,
            "percent_covered_display": "0.0",
            "missing_lines": 2,
            "excluded_lines": 0
          },
          "missing_lines": [253, 254],
          "excluded_lines": []
        },
        "Face.get": {
          "executed_lines": [],
          "summary": {
            "covered_lines": 0,
            "num_statements": 2,
            "percent_covered": 0.0,
            "percent_covered_display": "0.0",
            "missing_lines": 2,
            "excluded_lines": 0
          },
          "missing_lines": [266, 267],
          "excluded_lines": []
        },
        "Face.patch": {
          "executed_lines": [],
          "summary": {
            "covered_lines": 0,
            "num_statements": 6,
            "percent_covered": 0.0,
            "percent_covered_display": "0.0",
            "missing_lines": 6,
            "excluded_lines": 0
          },
          "missing_lines": [279, 281, 282, 283, 287, 288],
          "excluded_lines": []
        },
        "home": {
          "executed_lines": [],
          "summary": {
            "covered_lines": 0,
            "num_statements": 3,
            "percent_covered": 0.0,
            "percent_covered_display": "0.0",
            "missing_lines": 3,
            "excluded_lines": 0
          },
          "missing_lines": [294, 297, 300],
          "excluded_lines": []
        },
        "serve_assets": {
          "executed_lines": [],
          "summary": {
            "covered_lines": 0,
            "num_statements": 3,
            "percent_covered": 0.0,
            "percent_covered_display": "0.0",
            "missing_lines": 3,
            "excluded_lines": 0
          },
          "missing_lines": [306, 308, 311],
          "excluded_lines": []
        },
        "loadSnapshot": {
          "executed_lines": [],
          "summary": {
            "covered_lines": 0,
            "num_statements": 3,
            "percent_covered": 0.0,
            "percent_covered_display": "0.0",
            "missing_lines": 3,
            "excluded_lines": 0
          },
          "missing_lines": [317, 320, 323],
          "excluded_lines": []
        },
        "debug_test_webp": {
          "executed_lines": [],
          "summary": {
            "covered_lines": 0,
            "num_statements": 48,
            "percent_covered": 0.0,
            "percent_covered_display": "0.0",
            "missing_lines": 48,
            "excluded_lines": 0
          },
          "missing_lines": [
            329, 331, 332, 335, 336, 337, 339, 340, 342, 344, 347, 348, 349,
            350, 351, 352, 355, 356, 357, 358, 359, 360, 362, 363, 366, 367,
            368, 372, 373, 374, 377, 378, 379, 381, 390, 391, 392, 393, 403,
            404, 405, 406, 407, 408, 410, 411, 412, 413
          ],
          "excluded_lines": []
        },
        "serve_face_image": {
          "executed_lines": [],
          "summary": {
            "covered_lines": 0,
            "num_statements": 20,
            "percent_covered": 0.0,
            "percent_covered_display": "0.0",
            "missing_lines": 20,
            "excluded_lines": 0
          },
          "missing_lines": [
            435, 437, 440, 441, 444, 448, 449, 451, 453, 455, 456, 459, 460,
            461, 464, 471, 472, 473, 475, 476
          ],
          "excluded_lines": []
        },
        "": {
          "executed_lines": [
            1, 2, 3, 4, 5, 6, 8, 9, 10, 11, 12, 15, 20, 22, 23, 26, 36, 41, 44,
            47, 48, 49, 50, 51, 58, 59, 60, 61, 62, 63, 64, 65, 242, 243, 244,
            245, 246, 257, 258, 259, 260, 261, 269, 270, 271, 272, 273, 291,
            292, 303, 304, 314, 315, 326, 327, 420, 421, 479
          ],
          "summary": {
            "covered_lines": 58,
            "num_statements": 60,
            "percent_covered": 96.66666666666667,
            "percent_covered_display": "96.7",
            "missing_lines": 2,
            "excluded_lines": 0
          },
          "missing_lines": [481, 482],
          "excluded_lines": []
        }
      },
      "classes": {
        "Ping": {
          "executed_lines": [],
          "summary": {
            "covered_lines": 0,
            "num_statements": 1,
            "percent_covered": 0.0,
            "percent_covered_display": "0.0",
            "missing_lines": 1,
            "excluded_lines": 0
          },
          "missing_lines": [55],
          "excluded_lines": []
        },
        "Recognize": {
          "executed_lines": [],
          "summary": {
            "covered_lines": 0,
            "num_statements": 82,
            "percent_covered": 0.0,
            "percent_covered_display": "0.0",
            "missing_lines": 82,
            "excluded_lines": 0
          },
          "missing_lines": [
            73, 75, 76, 77, 78, 79, 81, 82, 84, 85, 91, 92, 95, 96, 97, 100,
            103, 104, 105, 108, 109, 111, 113, 114, 117, 120, 126, 128, 130,
            131, 132, 135, 136, 139, 140, 141, 142, 143, 144, 145, 146, 147,
            149, 150, 152, 154, 155, 156, 158, 159, 160, 162, 164, 165, 166,
            168, 169, 172, 175, 180, 181, 182, 187, 190, 195, 200, 203, 208,
            215, 219, 221, 222, 223, 224, 231, 232, 234, 235, 236, 237, 238, 239
          ],
          "excluded_lines": []
        },
        "UnclassifiedFaces": {
          "executed_lines": [],
          "summary": {
            "covered_lines": 0,
            "num_statements": 2,
            "percent_covered": 0.0,
            "percent_covered_display": "0.0",
            "missing_lines": 2,
            "excluded_lines": 0
          },
          "missing_lines": [253, 254],
          "excluded_lines": []
        },
        "Face": {
          "executed_lines": [],
          "summary": {
            "covered_lines": 0,
            "num_statements": 8,
            "percent_covered": 0.0,
            "percent_covered_display": "0.0",
            "missing_lines": 8,
            "excluded_lines": 0
          },
          "missing_lines": [266, 267, 279, 281, 282, 283, 287, 288],
          "excluded_lines": []
        },
        "": {
          "executed_lines": [
            1, 2, 3, 4, 5, 6, 8, 9, 10, 11, 12, 15, 20, 22, 23, 26, 36, 41, 44,
            47, 48, 49, 50, 51, 58, 59, 60, 61, 62, 63, 64, 65, 242, 243, 244,
            245, 246, 257, 258, 259, 260, 261, 269, 270, 271, 272, 273, 291,
            292, 303, 304, 314, 315, 326, 327, 420, 421, 479
          ],
          "summary": {
            "covered_lines": 58,
            "num_statements": 137,
            "percent_covered": 42.33576642335766,
            "percent_covered_display": "42.3",
            "missing_lines": 79,
            "excluded_lines": 0
          },
          "missing_lines": [
            294, 297, 300, 306, 308, 311, 317, 320, 323, 329, 331, 332, 335,
            336, 337, 339, 340, 342, 344, 347, 348, 349, 350, 351, 352, 355,
            356, 357, 358, 359, 360, 362, 363, 366, 367, 368, 372, 373, 374,
            377, 378, 379, 381, 390, 391, 392, 393, 403, 404, 405, 406, 407,
            408, 410, 411, 412, 413, 435, 437, 440, 441, 444, 448, 449, 451,
            453, 455, 456, 459, 460, 461, 464, 471, 472, 473, 475, 476, 481, 482
          ],
          "excluded_lines": []
        }
      }
    },
    "scripts/clasificador.py": {
      "executed_lines": [
        1, 2, 3, 4, 5, 6, 7, 8, 10, 11, 12, 13, 16, 19, 24, 26, 29, 32, 35, 40,
        46, 49, 52, 55, 58, 63, 68, 73, 78, 79, 80, 81, 82, 83, 89, 92, 95, 96,
        97, 98, 99, 103, 106, 111, 115, 118, 120, 123, 125, 128, 133, 135, 138,
        147, 148, 151, 152, 153, 154, 157, 158, 159, 160, 163, 164, 165, 167,
        174, 236, 271, 280, 281, 284, 285, 286, 287, 290, 291, 292, 293, 295,
        297, 298, 300, 301, 304, 305, 306, 307, 308, 310, 313, 321, 324, 331,
        339, 342, 345, 355, 356, 362, 363, 364, 366, 370, 377, 387, 388, 391,
        392, 393, 396, 397, 398, 399, 439, 451, 454, 463, 464, 467, 468, 469,
        470, 472, 474, 475, 477, 479, 552, 553, 569, 570, 571, 574, 580, 581,
        582, 583, 584, 590, 597, 598, 599, 600, 601, 609, 611, 614, 664
      ],
      "summary": {
        "covered_lines": 150,
        "num_statements": 265,
        "percent_covered": 56.60377358490566,
        "percent_covered_display": "56.6",
        "missing_lines": 115,
        "excluded_lines": 0
      },
      "missing_lines": [
        84, 85, 86, 100, 101, 102, 108, 130, 169, 170, 171, 183, 185, 186, 188,
        191, 194, 197, 200, 204, 205, 206, 207, 210, 217, 225, 226, 227, 245,
        247, 250, 252, 253, 255, 258, 259, 262, 264, 266, 267, 268, 317, 318,
        325, 329, 332, 336, 372, 373, 374, 401, 403, 404, 406, 419, 420, 422,
        424, 425, 426, 428, 432, 434, 435, 436, 486, 487, 488, 489, 491, 493,
        502, 507, 509, 522, 529, 536, 541, 548, 550, 555, 564, 566, 567, 585,
        586, 587, 603, 604, 605, 606, 625, 628, 629, 630, 631, 633, 634, 635,
        638, 639, 641, 643, 646, 648, 649, 651, 654, 656, 657, 659, 660, 661,
        673, 674
      ],
      "excluded_lines": [],
      "functions": {
        "get_qdrant_adapter_instance": {
          "executed_lines": [95, 96, 97, 98, 99, 103],
          "summary": {
            "covered_lines": 6,
            "num_statements": 9,
            "percent_covered": 66.66666666666667,
            "percent_covered_display": "66.7",
            "missing_lines": 3,
            "excluded_lines": 0
          },
          "missing_lines": [100, 101, 102],
          "excluded_lines": []
        },
        "db_save_face": {
          "executed_lines": [],
          "summary": {
            "covered_lines": 0,
            "num_statements": 1,
            "percent_covered": 0.0,
            "percent_covered_display": "0.0",
            "missing_lines": 1,
            "excluded_lines": 0
          },
          "missing_lines": [108],
          "excluded_lines": []
        },
        "db_search_similar": {
          "executed_lines": [115],
          "summary": {
            "covered_lines": 1,
            "num_statements": 1,
            "percent_covered": 100.0,
            "percent_covered_display": "100.0",
            "missing_lines": 0,
            "excluded_lines": 0
          },
          "missing_lines": [],
          "excluded_lines": []
        },
        "db_get_face": {
          "executed_lines": [120],
          "summary": {
            "covered_lines": 1,
            "num_statements": 1,
            "percent_covered": 100.0,
            "percent_covered_display": "100.0",
            "missing_lines": 0,
            "excluded_lines": 0
          },
          "missing_lines": [],
          "excluded_lines": []
        },
        "db_update_face": {
          "executed_lines": [125],
          "summary": {
            "covered_lines": 1,
            "num_statements": 1,
            "percent_covered": 100.0,
            "percent_covered_display": "100.0",
            "missing_lines": 0,
            "excluded_lines": 0
          },
          "missing_lines": [],
          "excluded_lines": []
        },
        "db_get_unclassified_faces": {
          "executed_lines": [],
          "summary": {
            "covered_lines": 0,
            "num_statements": 1,
            "percent_covered": 0.0,
            "percent_covered_display": "0.0",
            "missing_lines": 1,
            "excluded_lines": 0
          },
          "missing_lines": [130],
          "excluded_lines": []
        },
        "db_check_recent_detection": {
          "executed_lines": [135],
          "summary": {
            "covered_lines": 1,
            "num_statements": 1,
            "percent_covered": 100.0,
            "percent_covered_display": "100.0",
            "missing_lines": 0,
            "excluded_lines": 0
          },
          "missing_lines": [],
          "excluded_lines": []
        },
        "extract_face_embedding": {
          "executed_lines": [
            147, 148, 151, 152, 153, 154, 157, 158, 159, 160, 163, 164, 165, 167
          ],
          "summary": {
            "covered_lines": 14,
            "num_statements": 17,
            "percent_covered": 82.3529411764706,
            "percent_covered_display": "82.4",
            "missing_lines": 3,
            "excluded_lines": 0
          },
          "missing_lines": [169, 170, 171],
          "excluded_lines": []
        },
        "calculate_face_quality_metrics": {
          "executed_lines": [],
          "summary": {
            "covered_lines": 0,
            "num_statements": 17,
            "percent_covered": 0.0,
            "percent_covered_display": "0.0",
            "missing_lines": 17,
            "excluded_lines": 0
          },
          "missing_lines": [
            183, 185, 186, 188, 191, 194, 197, 200, 204, 205, 206, 207, 210,
            217, 225, 226, 227
          ],
          "excluded_lines": []
        },
        "create_face_thumbnail": {
          "executed_lines": [],
          "summary": {
            "covered_lines": 0,
            "num_statements": 13,
            "percent_covered": 0.0,
            "percent_covered_display": "0.0",
            "missing_lines": 13,
            "excluded_lines": 0
          },
          "missing_lines": [
            245, 247, 250, 252, 253, 255, 258, 259, 262, 264, 266, 267, 268
          ],
          "excluded_lines": []
        },
        "extract_faces_with_crops": {
          "executed_lines": [
            280, 281, 284, 285, 286, 287, 290, 291, 292, 293, 295, 297, 298,
            300, 301, 304, 305, 306, 307, 308, 310, 313, 321, 324, 331, 339,
            342, 345, 355, 356, 362, 363, 364, 366, 370
          ],
          "summary": {
            "covered_lines": 35,
            "num_statements": 44,
            "percent_covered": 79.54545454545455,
            "percent_covered_display": "79.5",
            "missing_lines": 9,
            "excluded_lines": 0
          },
          "missing_lines": [317, 318, 325, 329, 332, 336, 372, 373, 374],
          "excluded_lines": []
        },
        "save_multiple_faces_optimized": {
          "executed_lines": [387, 388, 391, 392, 393, 396, 397, 398, 399],
          "summary": {
            "covered_lines": 9,
            "num_statements": 24,
            "percent_covered": 37.5,
            "percent_covered_display": "37.5",
            "missing_lines": 15,
            "excluded_lines": 0
          },
          "missing_lines": [
            401, 403, 404, 406, 419, 420, 422, 424, 425, 426, 428, 432, 434,
            435, 436
          ],
          "excluded_lines": []
        },
        "save_multiple_faces": {
          "executed_lines": [451],
          "summary": {
            "covered_lines": 1,
            "num_statements": 1,
            "percent_covered": 100.0,
            "percent_covered_display": "100.0",
            "missing_lines": 0,
            "excluded_lines": 0
          },
          "missing_lines": [],
          "excluded_lines": []
        },
        "identify_all_faces": {
          "executed_lines": [
            463, 464, 467, 468, 469, 470, 472, 474, 475, 477, 479, 552, 553,
            569, 570, 571
          ],
          "summary": {
            "covered_lines": 16,
            "num_statements": 35,
            "percent_covered": 45.714285714285715,
            "percent_covered_display": "45.7",
            "missing_lines": 19,
            "excluded_lines": 0
          },
          "missing_lines": [
            486, 487, 488, 489, 491, 493, 502, 507, 509, 522, 529, 536, 541,
            548, 550, 555, 564, 566, 567
          ],
          "excluded_lines": []
        },
        "get_unclassified_faces": {
          "executed_lines": [580, 581, 582, 583, 584],
          "summary": {
            "covered_lines": 5,
            "num_statements": 8,
            "percent_covered": 62.5,
            "percent_covered_display": "62.5",
            "missing_lines": 3,
            "excluded_lines": 0
          },
          "missing_lines": [585, 586, 587],
          "excluded_lines": []
        },
        "update_face": {
          "executed_lines": [597, 598, 599, 600, 601],
          "summary": {
            "covered_lines": 5,
            "num_statements": 9,
            "percent_covered": 55.55555555555556,
            "percent_covered_display": "55.6",
            "missing_lines": 4,
            "excluded_lines": 0
          },
          "missing_lines": [603, 604, 605, 606],
          "excluded_lines": []
        },
        "get_face": {
          "executed_lines": [611],
          "summary": {
            "covered_lines": 1,
            "num_statements": 1,
            "percent_covered": 100.0,
            "percent_covered_display": "100.0",
            "missing_lines": 0,
            "excluded_lines": 0
          },
          "missing_lines": [],
          "excluded_lines": []
        },
        "save_face_crop_to_file": {
          "executed_lines": [],
          "summary": {
            "covered_lines": 0,
            "num_statements": 22,
            "percent_covered": 0.0,
            "percent_covered_display": "0.0",
            "missing_lines": 22,
            "excluded_lines": 0
          },
          "missing_lines": [
            625, 628, 629, 630, 631, 633, 634, 635, 638, 639, 641, 643, 646,
            648, 649, 651, 654, 656, 657, 659, 660, 661
          ],
          "excluded_lines": []
        },
        "get_face_with_thumbnail": {
          "executed_lines": [],
          "summary": {
            "covered_lines": 0,
            "num_statements": 2,
            "percent_covered": 0.0,
            "percent_covered_display": "0.0",
            "missing_lines": 2,
            "excluded_lines": 0
          },
          "missing_lines": [673, 674],
          "excluded_lines": []
        },
        "": {
          "executed_lines": [
            1, 2, 3, 4, 5, 6, 7, 8, 10, 11, 12, 13, 16, 19, 24, 26, 29, 32, 35,
            40, 46, 49, 52, 55, 58, 63, 68, 73, 78, 79, 80, 81, 82, 83, 89, 92,
            106, 111, 118, 123, 128, 133, 138, 174, 236, 271, 377, 439, 454,
            574, 590, 609, 614, 664
          ],
          "summary": {
            "covered_lines": 54,
            "num_statements": 57,
            "percent_covered": 94.73684210526316,
            "percent_covered_display": "94.7",
            "missing_lines": 3,
            "excluded_lines": 0
          },
          "missing_lines": [84, 85, 86],
          "excluded_lines": []
        }
      },
      "classes": {
        "": {
          "executed_lines": [
            1, 2, 3, 4, 5, 6, 7, 8, 10, 11, 12, 13, 16, 19, 24, 26, 29, 32, 35,
            40, 46, 49, 52, 55, 58, 63, 68, 73, 78, 79, 80, 81, 82, 83, 89, 92,
            95, 96, 97, 98, 99, 103, 106, 111, 115, 118, 120, 123, 125, 128,
            133, 135, 138, 147, 148, 151, 152, 153, 154, 157, 158, 159, 160,
            163, 164, 165, 167, 174, 236, 271, 280, 281, 284, 285, 286, 287,
            290, 291, 292, 293, 295, 297, 298, 300, 301, 304, 305, 306, 307,
            308, 310, 313, 321, 324, 331, 339, 342, 345, 355, 356, 362, 363,
            364, 366, 370, 377, 387, 388, 391, 392, 393, 396, 397, 398, 399,
            439, 451, 454, 463, 464, 467, 468, 469, 470, 472, 474, 475, 477,
            479, 552, 553, 569, 570, 571, 574, 580, 581, 582, 583, 584, 590,
            597, 598, 599, 600, 601, 609, 611, 614, 664
          ],
          "summary": {
            "covered_lines": 150,
            "num_statements": 265,
            "percent_covered": 56.60377358490566,
            "percent_covered_display": "56.6",
            "missing_lines": 115,
            "excluded_lines": 0
          },
          "missing_lines": [
            84, 85, 86, 100, 101, 102, 108, 130, 169, 170, 171, 183, 185, 186,
            188, 191, 194, 197, 200, 204, 205, 206, 207, 210, 217, 225, 226,
            227, 245, 247, 250, 252, 253, 255, 258, 259, 262, 264, 266, 267,
            268, 317, 318, 325, 329, 332, 336, 372, 373, 374, 401, 403, 404,
            406, 419, 420, 422, 424, 425, 426, 428, 432, 434, 435, 436, 486,
            487, 488, 489, 491, 493, 502, 507, 509, 522, 529, 536, 541, 548,
            550, 555, 564, 566, 567, 585, 586, 587, 603, 604, 605, 606, 625,
            628, 629, 630, 631, 633, 634, 635, 638, 639, 641, 643, 646, 648,
            649, 651, 654, 656, 657, 659, 660, 661, 673, 674
          ],
          "excluded_lines": []
        }
      }
    },
    "scripts/models.py": {
      "executed_lines": [1, 3, 6, 9, 14, 26, 43, 71, 88, 101, 111, 115],
      "summary": {
        "covered_lines": 12,
        "num_statements": 12,
        "percent_covered": 100.0,
        "percent_covered_display": "100.0",
        "missing_lines": 0,
        "excluded_lines": 0
      },
      "missing_lines": [],
      "excluded_lines": [],
      "functions": {
        "create_models": {
          "executed_lines": [9, 14, 26, 43, 71, 88, 101, 111, 115],
          "summary": {
            "covered_lines": 9,
            "num_statements": 9,
            "percent_covered": 100.0,
            "percent_covered_display": "100.0",
            "missing_lines": 0,
            "excluded_lines": 0
          },
          "missing_lines": [],
          "excluded_lines": []
        },
        "": {
          "executed_lines": [1, 3, 6],
          "summary": {
            "covered_lines": 3,
            "num_statements": 3,
            "percent_covered": 100.0,
            "percent_covered_display": "100.0",
            "missing_lines": 0,
            "excluded_lines": 0
          },
          "missing_lines": [],
          "excluded_lines": []
        }
      },
      "classes": {
        "": {
          "executed_lines": [1, 3, 6, 9, 14, 26, 43, 71, 88, 101, 111, 115],
          "summary": {
            "covered_lines": 12,
            "num_statements": 12,
            "percent_covered": 100.0,
            "percent_covered_display": "100.0",
            "missing_lines": 0,
            "excluded_lines": 0
          },
          "missing_lines": [],
          "excluded_lines": []
        }
      }
    },
    "scripts/qdrant_adapter.py": {
      "executed_lines": [
        1, 15, 16, 17, 18, 19, 21, 22, 23, 25, 28, 29, 30, 31, 34, 35, 38, 41,
        42, 45, 46, 53, 55, 56, 57, 59, 61, 62, 64, 65, 66, 67, 104, 106, 107,
        108, 110, 120, 126, 183, 227, 260, 310, 348, 391, 401, 404, 405, 406,
        408, 423, 424, 430, 436, 462, 465, 468, 469, 470
      ],
      "summary": {
        "covered_lines": 57,
        "num_statements": 167,
        "percent_covered": 34.131736526946106,
        "percent_covered_display": "34.1",
        "missing_lines": 110,
        "excluded_lines": 0
      },
      "missing_lines": [
        68, 70, 71, 74, 78, 79, 82, 83, 84, 86, 87, 90, 91, 92, 96, 97, 99, 102,
        111, 112, 118, 122, 123, 124, 137, 138, 141, 156, 160, 161, 164, 165,
        167, 176, 177, 179, 180, 181, 197, 198, 199, 203, 211, 212, 213, 214,
        215, 216, 218, 220, 221, 223, 224, 225, 237, 239, 252, 253, 254, 256,
        257, 258, 271, 273, 286, 287, 288, 290, 291, 292, 295, 296, 299, 303,
        304, 306, 307, 308, 317, 318, 331, 334, 338, 342, 344, 345, 346, 358,
        360, 373, 374, 375, 377, 379, 384, 385, 387, 388, 389, 402, 425, 432,
        433, 434, 443, 444, 446, 456, 457, 458
      ],
      "excluded_lines": [],
      "functions": {
        "QdrantAdapter.__init__": {
          "executed_lines": [55, 56, 57],
          "summary": {
            "covered_lines": 3,
            "num_statements": 3,
            "percent_covered": 100.0,
            "percent_covered_display": "100.0",
            "missing_lines": 0,
            "excluded_lines": 0
          },
          "missing_lines": [],
          "excluded_lines": []
        },
        "QdrantAdapter._connect_with_retry": {
          "executed_lines": [61, 62, 64, 65, 66, 67],
          "summary": {
            "covered_lines": 6,
            "num_statements": 24,
            "percent_covered": 25.0,
            "percent_covered_display": "25.0",
            "missing_lines": 18,
            "excluded_lines": 0
          },
          "missing_lines": [
            68, 70, 71, 74, 78, 79, 82, 83, 84, 86, 87, 90, 91, 92, 96, 97, 99,
            102
          ],
          "excluded_lines": []
        },
        "QdrantAdapter._ensure_collection": {
          "executed_lines": [106, 107, 108, 110, 120],
          "summary": {
            "covered_lines": 5,
            "num_statements": 11,
            "percent_covered": 45.45454545454545,
            "percent_covered_display": "45.5",
            "missing_lines": 6,
            "excluded_lines": 0
          },
          "missing_lines": [111, 112, 118, 122, 123, 124],
          "excluded_lines": []
        },
        "QdrantAdapter.save_face": {
          "executed_lines": [],
          "summary": {
            "covered_lines": 0,
            "num_statements": 14,
            "percent_covered": 0.0,
            "percent_covered_display": "0.0",
            "missing_lines": 14,
            "excluded_lines": 0
          },
          "missing_lines": [
            137, 138, 141, 156, 160, 161, 164, 165, 167, 176, 177, 179, 180, 181
          ],
          "excluded_lines": []
        },
        "QdrantAdapter.search_similar_faces": {
          "executed_lines": [],
          "summary": {
            "covered_lines": 0,
            "num_statements": 16,
            "percent_covered": 0.0,
            "percent_covered_display": "0.0",
            "missing_lines": 16,
            "excluded_lines": 0
          },
          "missing_lines": [
            197, 198, 199, 203, 211, 212, 213, 214, 215, 216, 218, 220, 221,
            223, 224, 225
          ],
          "excluded_lines": []
        },
        "QdrantAdapter.get_face": {
          "executed_lines": [],
          "summary": {
            "covered_lines": 0,
            "num_statements": 8,
            "percent_covered": 0.0,
            "percent_covered_display": "0.0",
            "missing_lines": 8,
            "excluded_lines": 0
          },
          "missing_lines": [237, 239, 252, 253, 254, 256, 257, 258],
          "excluded_lines": []
        },
        "QdrantAdapter.update_face": {
          "executed_lines": [],
          "summary": {
            "covered_lines": 0,
            "num_statements": 16,
            "percent_covered": 0.0,
            "percent_covered_display": "0.0",
            "missing_lines": 16,
            "excluded_lines": 0
          },
          "missing_lines": [
            271, 273, 286, 287, 288, 290, 291, 292, 295, 296, 299, 303, 304,
            306, 307, 308
          ],
          "excluded_lines": []
        },
        "QdrantAdapter.get_unclassified_faces": {
          "executed_lines": [],
          "summary": {
            "covered_lines": 0,
            "num_statements": 9,
            "percent_covered": 0.0,
            "percent_covered_display": "0.0",
            "missing_lines": 9,
            "excluded_lines": 0
          },
          "missing_lines": [317, 318, 331, 334, 338, 342, 344, 345, 346],
          "excluded_lines": []
        },
        "QdrantAdapter.delete_face": {
          "executed_lines": [],
          "summary": {
            "covered_lines": 0,
            "num_statements": 12,
            "percent_covered": 0.0,
            "percent_covered_display": "0.0",
            "missing_lines": 12,
            "excluded_lines": 0
          },
          "missing_lines": [
            358, 360, 373, 374, 375, 377, 379, 384, 385, 387, 388, 389
          ],
          "excluded_lines": []
        },
        "QdrantAdapter.check_recent_detection": {
          "executed_lines": [401, 404, 405, 406, 408, 423, 424, 430],
          "summary": {
            "covered_lines": 8,
            "num_statements": 13,
            "percent_covered": 61.53846153846154,
            "percent_covered_display": "61.5",
            "missing_lines": 5,
            "excluded_lines": 0
          },
          "missing_lines": [402, 425, 432, 433, 434],
          "excluded_lines": []
        },
        "QdrantAdapter.get_stats": {
          "executed_lines": [],
          "summary": {
            "covered_lines": 0,
            "num_statements": 6,
            "percent_covered": 0.0,
            "percent_covered_display": "0.0",
            "missing_lines": 6,
            "excluded_lines": 0
          },
          "missing_lines": [443, 444, 446, 456, 457, 458],
          "excluded_lines": []
        },
        "get_qdrant_adapter": {
          "executed_lines": [468, 469, 470],
          "summary": {
            "covered_lines": 3,
            "num_statements": 3,
            "percent_covered": 100.0,
            "percent_covered_display": "100.0",
            "missing_lines": 0,
            "excluded_lines": 0
          },
          "missing_lines": [],
          "excluded_lines": []
        },
        "": {
          "executed_lines": [
            1, 15, 16, 17, 18, 19, 21, 22, 23, 25, 28, 29, 30, 31, 34, 35, 38,
            41, 42, 45, 46, 53, 59, 104, 126, 183, 227, 260, 310, 348, 391, 436,
            462, 465
          ],
          "summary": {
            "covered_lines": 32,
            "num_statements": 32,
            "percent_covered": 100.0,
            "percent_covered_display": "100.0",
            "missing_lines": 0,
            "excluded_lines": 0
          },
          "missing_lines": [],
          "excluded_lines": []
        }
      },
      "classes": {
        "QdrantAdapter": {
          "executed_lines": [
            55, 56, 57, 61, 62, 64, 65, 66, 67, 106, 107, 108, 110, 120, 401,
            404, 405, 406, 408, 423, 424, 430
          ],
          "summary": {
            "covered_lines": 22,
            "num_statements": 132,
            "percent_covered": 16.666666666666668,
            "percent_covered_display": "16.7",
            "missing_lines": 110,
            "excluded_lines": 0
          },
          "missing_lines": [
            68, 70, 71, 74, 78, 79, 82, 83, 84, 86, 87, 90, 91, 92, 96, 97, 99,
            102, 111, 112, 118, 122, 123, 124, 137, 138, 141, 156, 160, 161,
            164, 165, 167, 176, 177, 179, 180, 181, 197, 198, 199, 203, 211,
            212, 213, 214, 215, 216, 218, 220, 221, 223, 224, 225, 237, 239,
            252, 253, 254, 256, 257, 258, 271, 273, 286, 287, 288, 290, 291,
            292, 295, 296, 299, 303, 304, 306, 307, 308, 317, 318, 331, 334,
            338, 342, 344, 345, 346, 358, 360, 373, 374, 375, 377, 379, 384,
            385, 387, 388, 389, 402, 425, 432, 433, 434, 443, 444, 446, 456,
            457, 458
          ],
          "excluded_lines": []
        },
        "": {
          "executed_lines": [
            1, 15, 16, 17, 18, 19, 21, 22, 23, 25, 28, 29, 30, 31, 34, 35, 38,
            41, 42, 45, 46, 53, 59, 104, 126, 183, 227, 260, 310, 348, 391, 436,
            462, 465, 468, 469, 470
          ],
          "summary": {
            "covered_lines": 35,
            "num_statements": 35,
            "percent_covered": 100.0,
            "percent_covered_display": "100.0",
            "missing_lines": 0,
            "excluded_lines": 0
          },
          "missing_lines": [],
          "excluded_lines": []
        }
      }
    }
  },
  "totals": {
    "covered_lines": 277,
    "num_statements": 674,
    "percent_covered": 41.09792284866469,
    "percent_covered_display": "41.1",
    "missing_lines": 397,
    "excluded_lines": 0
  }
}
