{
  "meta": {
    "format": 3,
    "version": "7.10.7",
    "timestamp": "2025-09-28T03:22:57.149152",
    "branch_coverage": false,
    "show_contexts": false
  },
  "files": {
    "scripts/app.py": {
      "executed_lines": [
        1, 2, 3, 4, 5, 6, 8, 9, 10, 11, 12, 15, 20, 22, 23, 26, 36, 41, 44, 47,
        48, 49, 50, 51, 58, 59, 60, 61, 62, 63, 64, 65, 73, 75, 76, 77, 81, 82,
        84, 85, 91, 92, 95, 96, 103, 104, 105, 108, 109, 111, 113, 114, 117,
        120, 130, 131, 132, 135, 136, 139, 140, 141, 142, 143, 144, 145, 146,
        147, 149, 150, 152, 154, 155, 156, 158, 159, 160, 162, 164, 165, 166,
        168, 169, 172, 175, 180, 208, 215, 219, 234, 235, 236, 237, 242, 243,
        244, 245, 246, 257, 258, 259, 260, 261, 269, 270, 271, 272, 273, 291,
        292, 294, 297, 300, 303, 304, 314, 315, 326, 327, 420, 421, 479
      ],
      "summary": {
        "covered_lines": 122,
        "num_statements": 230,
        "percent_covered": 53.04347826086956,
        "percent_covered_display": "53",
        "missing_lines": 108,
        "excluded_lines": 0
      },
      "missing_lines": [
        55, 78, 79, 97, 100, 126, 128, 181, 182, 187, 190, 195, 200, 203, 221,
        222, 223, 224, 231, 232, 238, 239, 253, 254, 266, 267, 279, 281, 282,
        283, 287, 288, 306, 308, 311, 317, 320, 323, 329, 331, 332, 335, 336,
        337, 339, 340, 342, 344, 347, 348, 349, 350, 351, 352, 355, 356, 357,
        358, 359, 360, 362, 363, 366, 367, 368, 372, 373, 374, 377, 378, 379,
        381, 390, 391, 392, 393, 403, 404, 405, 406, 407, 408, 410, 411, 412,
        413, 435, 437, 440, 441, 444, 448, 449, 451, 453, 455, 456, 459, 460,
        461, 464, 471, 472, 473, 475, 476, 481, 482
      ],
      "excluded_lines": [],
      "functions": {
        "Ping.get": {
          "executed_lines": [],
          "summary": {
            "covered_lines": 0,
            "num_statements": 1,
            "percent_covered": 0.0,
            "percent_covered_display": "0",
            "missing_lines": 1,
            "excluded_lines": 0
          },
          "missing_lines": [55],
          "excluded_lines": []
        },
        "Recognize.post": {
          "executed_lines": [
            73, 75, 76, 77, 81, 82, 84, 85, 91, 92, 95, 96, 103, 104, 105, 108,
            109, 111, 113, 114, 117, 120, 130, 131, 132, 135, 136, 139, 140,
            141, 142, 143, 144, 145, 146, 147, 149, 150, 152, 154, 155, 156,
            158, 159, 160, 162, 164, 165, 166, 168, 169, 172, 175, 180, 208,
            215, 219, 234, 235, 236, 237
          ],
          "summary": {
            "covered_lines": 61,
            "num_statements": 82,
            "percent_covered": 74.39024390243902,
            "percent_covered_display": "74",
            "missing_lines": 21,
            "excluded_lines": 0
          },
          "missing_lines": [
            78, 79, 97, 100, 126, 128, 181, 182, 187, 190, 195, 200, 203, 221,
            222, 223, 224, 231, 232, 238, 239
          ],
          "excluded_lines": []
        },
        "UnclassifiedFaces.get": {
          "executed_lines": [],
          "summary": {
            "covered_lines": 0,
            "num_statements": 2,
            "percent_covered": 0.0,
            "percent_covered_display": "0",
            "missing_lines": 2,
            "excluded_lines": 0
          },
          "missing_lines": [253, 254],
          "excluded_lines": []
        },
        "Face.get": {
          "executed_lines": [],
          "summary": {
            "covered_lines": 0,
            "num_statements": 2,
            "percent_covered": 0.0,
            "percent_covered_display": "0",
            "missing_lines": 2,
            "excluded_lines": 0
          },
          "missing_lines": [266, 267],
          "excluded_lines": []
        },
        "Face.patch": {
          "executed_lines": [],
          "summary": {
            "covered_lines": 0,
            "num_statements": 6,
            "percent_covered": 0.0,
            "percent_covered_display": "0",
            "missing_lines": 6,
            "excluded_lines": 0
          },
          "missing_lines": [279, 281, 282, 283, 287, 288],
          "excluded_lines": []
        },
        "home": {
          "executed_lines": [294, 297, 300],
          "summary": {
            "covered_lines": 3,
            "num_statements": 3,
            "percent_covered": 100.0,
            "percent_covered_display": "100",
            "missing_lines": 0,
            "excluded_lines": 0
          },
          "missing_lines": [],
          "excluded_lines": []
        },
        "serve_assets": {
          "executed_lines": [],
          "summary": {
            "covered_lines": 0,
            "num_statements": 3,
            "percent_covered": 0.0,
            "percent_covered_display": "0",
            "missing_lines": 3,
            "excluded_lines": 0
          },
          "missing_lines": [306, 308, 311],
          "excluded_lines": []
        },
        "loadSnapshot": {
          "executed_lines": [],
          "summary": {
            "covered_lines": 0,
            "num_statements": 3,
            "percent_covered": 0.0,
            "percent_covered_display": "0",
            "missing_lines": 3,
            "excluded_lines": 0
          },
          "missing_lines": [317, 320, 323],
          "excluded_lines": []
        },
        "debug_test_webp": {
          "executed_lines": [],
          "summary": {
            "covered_lines": 0,
            "num_statements": 48,
            "percent_covered": 0.0,
            "percent_covered_display": "0",
            "missing_lines": 48,
            "excluded_lines": 0
          },
          "missing_lines": [
            329, 331, 332, 335, 336, 337, 339, 340, 342, 344, 347, 348, 349,
            350, 351, 352, 355, 356, 357, 358, 359, 360, 362, 363, 366, 367,
            368, 372, 373, 374, 377, 378, 379, 381, 390, 391, 392, 393, 403,
            404, 405, 406, 407, 408, 410, 411, 412, 413
          ],
          "excluded_lines": []
        },
        "serve_face_image": {
          "executed_lines": [],
          "summary": {
            "covered_lines": 0,
            "num_statements": 20,
            "percent_covered": 0.0,
            "percent_covered_display": "0",
            "missing_lines": 20,
            "excluded_lines": 0
          },
          "missing_lines": [
            435, 437, 440, 441, 444, 448, 449, 451, 453, 455, 456, 459, 460,
            461, 464, 471, 472, 473, 475, 476
          ],
          "excluded_lines": []
        },
        "": {
          "executed_lines": [
            1, 2, 3, 4, 5, 6, 8, 9, 10, 11, 12, 15, 20, 22, 23, 26, 36, 41, 44,
            47, 48, 49, 50, 51, 58, 59, 60, 61, 62, 63, 64, 65, 242, 243, 244,
            245, 246, 257, 258, 259, 260, 261, 269, 270, 271, 272, 273, 291,
            292, 303, 304, 314, 315, 326, 327, 420, 421, 479
          ],
          "summary": {
            "covered_lines": 58,
            "num_statements": 60,
            "percent_covered": 96.66666666666667,
            "percent_covered_display": "97",
            "missing_lines": 2,
            "excluded_lines": 0
          },
          "missing_lines": [481, 482],
          "excluded_lines": []
        }
      },
      "classes": {
        "Ping": {
          "executed_lines": [],
          "summary": {
            "covered_lines": 0,
            "num_statements": 1,
            "percent_covered": 0.0,
            "percent_covered_display": "0",
            "missing_lines": 1,
            "excluded_lines": 0
          },
          "missing_lines": [55],
          "excluded_lines": []
        },
        "Recognize": {
          "executed_lines": [
            73, 75, 76, 77, 81, 82, 84, 85, 91, 92, 95, 96, 103, 104, 105, 108,
            109, 111, 113, 114, 117, 120, 130, 131, 132, 135, 136, 139, 140,
            141, 142, 143, 144, 145, 146, 147, 149, 150, 152, 154, 155, 156,
            158, 159, 160, 162, 164, 165, 166, 168, 169, 172, 175, 180, 208,
            215, 219, 234, 235, 236, 237
          ],
          "summary": {
            "covered_lines": 61,
            "num_statements": 82,
            "percent_covered": 74.39024390243902,
            "percent_covered_display": "74",
            "missing_lines": 21,
            "excluded_lines": 0
          },
          "missing_lines": [
            78, 79, 97, 100, 126, 128, 181, 182, 187, 190, 195, 200, 203, 221,
            222, 223, 224, 231, 232, 238, 239
          ],
          "excluded_lines": []
        },
        "UnclassifiedFaces": {
          "executed_lines": [],
          "summary": {
            "covered_lines": 0,
            "num_statements": 2,
            "percent_covered": 0.0,
            "percent_covered_display": "0",
            "missing_lines": 2,
            "excluded_lines": 0
          },
          "missing_lines": [253, 254],
          "excluded_lines": []
        },
        "Face": {
          "executed_lines": [],
          "summary": {
            "covered_lines": 0,
            "num_statements": 8,
            "percent_covered": 0.0,
            "percent_covered_display": "0",
            "missing_lines": 8,
            "excluded_lines": 0
          },
          "missing_lines": [266, 267, 279, 281, 282, 283, 287, 288],
          "excluded_lines": []
        },
        "": {
          "executed_lines": [
            1, 2, 3, 4, 5, 6, 8, 9, 10, 11, 12, 15, 20, 22, 23, 26, 36, 41, 44,
            47, 48, 49, 50, 51, 58, 59, 60, 61, 62, 63, 64, 65, 242, 243, 244,
            245, 246, 257, 258, 259, 260, 261, 269, 270, 271, 272, 273, 291,
            292, 294, 297, 300, 303, 304, 314, 315, 326, 327, 420, 421, 479
          ],
          "summary": {
            "covered_lines": 61,
            "num_statements": 137,
            "percent_covered": 44.52554744525548,
            "percent_covered_display": "45",
            "missing_lines": 76,
            "excluded_lines": 0
          },
          "missing_lines": [
            306, 308, 311, 317, 320, 323, 329, 331, 332, 335, 336, 337, 339,
            340, 342, 344, 347, 348, 349, 350, 351, 352, 355, 356, 357, 358,
            359, 360, 362, 363, 366, 367, 368, 372, 373, 374, 377, 378, 379,
            381, 390, 391, 392, 393, 403, 404, 405, 406, 407, 408, 410, 411,
            412, 413, 435, 437, 440, 441, 444, 448, 449, 451, 453, 455, 456,
            459, 460, 461, 464, 471, 472, 473, 475, 476, 481, 482
          ],
          "excluded_lines": []
        }
      }
    },
    "scripts/clasificador.py": {
      "executed_lines": [
        1, 2, 3, 4, 5, 6, 7, 8, 10, 11, 12, 13, 16, 19, 24, 26, 29, 32, 35, 40,
        46, 49, 52, 55, 58, 63, 68, 73, 78, 79, 80, 81, 82, 83, 89, 92, 95, 96,
        97, 98, 99, 103, 106, 111, 118, 120, 123, 128, 130, 133, 138, 147, 148,
        151, 152, 153, 154, 174, 236, 271, 280, 281, 284, 285, 286, 287, 290,
        291, 292, 293, 377, 439, 454, 463, 464, 467, 468, 469, 470, 574, 580,
        581, 582, 583, 584, 590, 609, 611, 614, 664
      ],
      "summary": {
        "covered_lines": 90,
        "num_statements": 265,
        "percent_covered": 33.9622641509434,
        "percent_covered_display": "34",
        "missing_lines": 175,
        "excluded_lines": 0
      },
      "missing_lines": [
        84, 85, 86, 100, 101, 102, 108, 115, 125, 135, 157, 158, 159, 160, 163,
        164, 165, 167, 169, 170, 171, 183, 185, 186, 188, 191, 194, 197, 200,
        204, 205, 206, 207, 210, 217, 225, 226, 227, 245, 247, 250, 252, 253,
        255, 258, 259, 262, 264, 266, 267, 268, 295, 297, 298, 300, 301, 304,
        305, 306, 307, 308, 310, 313, 317, 318, 321, 324, 325, 329, 331, 332,
        336, 339, 342, 345, 355, 356, 362, 363, 364, 366, 370, 372, 373, 374,
        387, 388, 391, 392, 393, 396, 397, 398, 399, 401, 403, 404, 406, 419,
        420, 422, 424, 425, 426, 428, 432, 434, 435, 436, 451, 472, 474, 475,
        477, 479, 486, 487, 488, 489, 491, 493, 502, 507, 509, 522, 529, 536,
        541, 548, 550, 552, 553, 555, 564, 566, 567, 569, 570, 571, 585, 586,
        587, 597, 598, 599, 600, 601, 603, 604, 605, 606, 625, 628, 629, 630,
        631, 633, 634, 635, 638, 639, 641, 643, 646, 648, 649, 651, 654, 656,
        657, 659, 660, 661, 673, 674
      ],
      "excluded_lines": [],
      "functions": {
        "get_qdrant_adapter_instance": {
          "executed_lines": [95, 96, 97, 98, 99, 103],
          "summary": {
            "covered_lines": 6,
            "num_statements": 9,
            "percent_covered": 66.66666666666667,
            "percent_covered_display": "67",
            "missing_lines": 3,
            "excluded_lines": 0
          },
          "missing_lines": [100, 101, 102],
          "excluded_lines": []
        },
        "db_save_face": {
          "executed_lines": [],
          "summary": {
            "covered_lines": 0,
            "num_statements": 1,
            "percent_covered": 0.0,
            "percent_covered_display": "0",
            "missing_lines": 1,
            "excluded_lines": 0
          },
          "missing_lines": [108],
          "excluded_lines": []
        },
        "db_search_similar": {
          "executed_lines": [],
          "summary": {
            "covered_lines": 0,
            "num_statements": 1,
            "percent_covered": 0.0,
            "percent_covered_display": "0",
            "missing_lines": 1,
            "excluded_lines": 0
          },
          "missing_lines": [115],
          "excluded_lines": []
        },
        "db_get_face": {
          "executed_lines": [120],
          "summary": {
            "covered_lines": 1,
            "num_statements": 1,
            "percent_covered": 100.0,
            "percent_covered_display": "100",
            "missing_lines": 0,
            "excluded_lines": 0
          },
          "missing_lines": [],
          "excluded_lines": []
        },
        "db_update_face": {
          "executed_lines": [],
          "summary": {
            "covered_lines": 0,
            "num_statements": 1,
            "percent_covered": 0.0,
            "percent_covered_display": "0",
            "missing_lines": 1,
            "excluded_lines": 0
          },
          "missing_lines": [125],
          "excluded_lines": []
        },
        "db_get_unclassified_faces": {
          "executed_lines": [130],
          "summary": {
            "covered_lines": 1,
            "num_statements": 1,
            "percent_covered": 100.0,
            "percent_covered_display": "100",
            "missing_lines": 0,
            "excluded_lines": 0
          },
          "missing_lines": [],
          "excluded_lines": []
        },
        "db_check_recent_detection": {
          "executed_lines": [],
          "summary": {
            "covered_lines": 0,
            "num_statements": 1,
            "percent_covered": 0.0,
            "percent_covered_display": "0",
            "missing_lines": 1,
            "excluded_lines": 0
          },
          "missing_lines": [135],
          "excluded_lines": []
        },
        "extract_face_embedding": {
          "executed_lines": [147, 148, 151, 152, 153, 154],
          "summary": {
            "covered_lines": 6,
            "num_statements": 17,
            "percent_covered": 35.294117647058826,
            "percent_covered_display": "35",
            "missing_lines": 11,
            "excluded_lines": 0
          },
          "missing_lines": [
            157, 158, 159, 160, 163, 164, 165, 167, 169, 170, 171
          ],
          "excluded_lines": []
        },
        "calculate_face_quality_metrics": {
          "executed_lines": [],
          "summary": {
            "covered_lines": 0,
            "num_statements": 17,
            "percent_covered": 0.0,
            "percent_covered_display": "0",
            "missing_lines": 17,
            "excluded_lines": 0
          },
          "missing_lines": [
            183, 185, 186, 188, 191, 194, 197, 200, 204, 205, 206, 207, 210,
            217, 225, 226, 227
          ],
          "excluded_lines": []
        },
        "create_face_thumbnail": {
          "executed_lines": [],
          "summary": {
            "covered_lines": 0,
            "num_statements": 13,
            "percent_covered": 0.0,
            "percent_covered_display": "0",
            "missing_lines": 13,
            "excluded_lines": 0
          },
          "missing_lines": [
            245, 247, 250, 252, 253, 255, 258, 259, 262, 264, 266, 267, 268
          ],
          "excluded_lines": []
        },
        "extract_faces_with_crops": {
          "executed_lines": [280, 281, 284, 285, 286, 287, 290, 291, 292, 293],
          "summary": {
            "covered_lines": 10,
            "num_statements": 44,
            "percent_covered": 22.727272727272727,
            "percent_covered_display": "23",
            "missing_lines": 34,
            "excluded_lines": 0
          },
          "missing_lines": [
            295, 297, 298, 300, 301, 304, 305, 306, 307, 308, 310, 313, 317,
            318, 321, 324, 325, 329, 331, 332, 336, 339, 342, 345, 355, 356,
            362, 363, 364, 366, 370, 372, 373, 374
          ],
          "excluded_lines": []
        },
        "save_multiple_faces_optimized": {
          "executed_lines": [],
          "summary": {
            "covered_lines": 0,
            "num_statements": 24,
            "percent_covered": 0.0,
            "percent_covered_display": "0",
            "missing_lines": 24,
            "excluded_lines": 0
          },
          "missing_lines": [
            387, 388, 391, 392, 393, 396, 397, 398, 399, 401, 403, 404, 406,
            419, 420, 422, 424, 425, 426, 428, 432, 434, 435, 436
          ],
          "excluded_lines": []
        },
        "save_multiple_faces": {
          "executed_lines": [],
          "summary": {
            "covered_lines": 0,
            "num_statements": 1,
            "percent_covered": 0.0,
            "percent_covered_display": "0",
            "missing_lines": 1,
            "excluded_lines": 0
          },
          "missing_lines": [451],
          "excluded_lines": []
        },
        "identify_all_faces": {
          "executed_lines": [463, 464, 467, 468, 469, 470],
          "summary": {
            "covered_lines": 6,
            "num_statements": 35,
            "percent_covered": 17.142857142857142,
            "percent_covered_display": "17",
            "missing_lines": 29,
            "excluded_lines": 0
          },
          "missing_lines": [
            472, 474, 475, 477, 479, 486, 487, 488, 489, 491, 493, 502, 507,
            509, 522, 529, 536, 541, 548, 550, 552, 553, 555, 564, 566, 567,
            569, 570, 571
          ],
          "excluded_lines": []
        },
        "get_unclassified_faces": {
          "executed_lines": [580, 581, 582, 583, 584],
          "summary": {
            "covered_lines": 5,
            "num_statements": 8,
            "percent_covered": 62.5,
            "percent_covered_display": "62",
            "missing_lines": 3,
            "excluded_lines": 0
          },
          "missing_lines": [585, 586, 587],
          "excluded_lines": []
        },
        "update_face": {
          "executed_lines": [],
          "summary": {
            "covered_lines": 0,
            "num_statements": 9,
            "percent_covered": 0.0,
            "percent_covered_display": "0",
            "missing_lines": 9,
            "excluded_lines": 0
          },
          "missing_lines": [597, 598, 599, 600, 601, 603, 604, 605, 606],
          "excluded_lines": []
        },
        "get_face": {
          "executed_lines": [611],
          "summary": {
            "covered_lines": 1,
            "num_statements": 1,
            "percent_covered": 100.0,
            "percent_covered_display": "100",
            "missing_lines": 0,
            "excluded_lines": 0
          },
          "missing_lines": [],
          "excluded_lines": []
        },
        "save_face_crop_to_file": {
          "executed_lines": [],
          "summary": {
            "covered_lines": 0,
            "num_statements": 22,
            "percent_covered": 0.0,
            "percent_covered_display": "0",
            "missing_lines": 22,
            "excluded_lines": 0
          },
          "missing_lines": [
            625, 628, 629, 630, 631, 633, 634, 635, 638, 639, 641, 643, 646,
            648, 649, 651, 654, 656, 657, 659, 660, 661
          ],
          "excluded_lines": []
        },
        "get_face_with_thumbnail": {
          "executed_lines": [],
          "summary": {
            "covered_lines": 0,
            "num_statements": 2,
            "percent_covered": 0.0,
            "percent_covered_display": "0",
            "missing_lines": 2,
            "excluded_lines": 0
          },
          "missing_lines": [673, 674],
          "excluded_lines": []
        },
        "": {
          "executed_lines": [
            1, 2, 3, 4, 5, 6, 7, 8, 10, 11, 12, 13, 16, 19, 24, 26, 29, 32, 35,
            40, 46, 49, 52, 55, 58, 63, 68, 73, 78, 79, 80, 81, 82, 83, 89, 92,
            106, 111, 118, 123, 128, 133, 138, 174, 236, 271, 377, 439, 454,
            574, 590, 609, 614, 664
          ],
          "summary": {
            "covered_lines": 54,
            "num_statements": 57,
            "percent_covered": 94.73684210526316,
            "percent_covered_display": "95",
            "missing_lines": 3,
            "excluded_lines": 0
          },
          "missing_lines": [84, 85, 86],
          "excluded_lines": []
        }
      },
      "classes": {
        "": {
          "executed_lines": [
            1, 2, 3, 4, 5, 6, 7, 8, 10, 11, 12, 13, 16, 19, 24, 26, 29, 32, 35,
            40, 46, 49, 52, 55, 58, 63, 68, 73, 78, 79, 80, 81, 82, 83, 89, 92,
            95, 96, 97, 98, 99, 103, 106, 111, 118, 120, 123, 128, 130, 133,
            138, 147, 148, 151, 152, 153, 154, 174, 236, 271, 280, 281, 284,
            285, 286, 287, 290, 291, 292, 293, 377, 439, 454, 463, 464, 467,
            468, 469, 470, 574, 580, 581, 582, 583, 584, 590, 609, 611, 614, 664
          ],
          "summary": {
            "covered_lines": 90,
            "num_statements": 265,
            "percent_covered": 33.9622641509434,
            "percent_covered_display": "34",
            "missing_lines": 175,
            "excluded_lines": 0
          },
          "missing_lines": [
            84, 85, 86, 100, 101, 102, 108, 115, 125, 135, 157, 158, 159, 160,
            163, 164, 165, 167, 169, 170, 171, 183, 185, 186, 188, 191, 194,
            197, 200, 204, 205, 206, 207, 210, 217, 225, 226, 227, 245, 247,
            250, 252, 253, 255, 258, 259, 262, 264, 266, 267, 268, 295, 297,
            298, 300, 301, 304, 305, 306, 307, 308, 310, 313, 317, 318, 321,
            324, 325, 329, 331, 332, 336, 339, 342, 345, 355, 356, 362, 363,
            364, 366, 370, 372, 373, 374, 387, 388, 391, 392, 393, 396, 397,
            398, 399, 401, 403, 404, 406, 419, 420, 422, 424, 425, 426, 428,
            432, 434, 435, 436, 451, 472, 474, 475, 477, 479, 486, 487, 488,
            489, 491, 493, 502, 507, 509, 522, 529, 536, 541, 548, 550, 552,
            553, 555, 564, 566, 567, 569, 570, 571, 585, 586, 587, 597, 598,
            599, 600, 601, 603, 604, 605, 606, 625, 628, 629, 630, 631, 633,
            634, 635, 638, 639, 641, 643, 646, 648, 649, 651, 654, 656, 657,
            659, 660, 661, 673, 674
          ],
          "excluded_lines": []
        }
      }
    },
    "scripts/models.py": {
      "executed_lines": [1, 3, 6, 9, 14, 26, 43, 71, 88, 101, 111, 115],
      "summary": {
        "covered_lines": 12,
        "num_statements": 12,
        "percent_covered": 100.0,
        "percent_covered_display": "100",
        "missing_lines": 0,
        "excluded_lines": 0
      },
      "missing_lines": [],
      "excluded_lines": [],
      "functions": {
        "create_models": {
          "executed_lines": [9, 14, 26, 43, 71, 88, 101, 111, 115],
          "summary": {
            "covered_lines": 9,
            "num_statements": 9,
            "percent_covered": 100.0,
            "percent_covered_display": "100",
            "missing_lines": 0,
            "excluded_lines": 0
          },
          "missing_lines": [],
          "excluded_lines": []
        },
        "": {
          "executed_lines": [1, 3, 6],
          "summary": {
            "covered_lines": 3,
            "num_statements": 3,
            "percent_covered": 100.0,
            "percent_covered_display": "100",
            "missing_lines": 0,
            "excluded_lines": 0
          },
          "missing_lines": [],
          "excluded_lines": []
        }
      },
      "classes": {
        "": {
          "executed_lines": [1, 3, 6, 9, 14, 26, 43, 71, 88, 101, 111, 115],
          "summary": {
            "covered_lines": 12,
            "num_statements": 12,
            "percent_covered": 100.0,
            "percent_covered_display": "100",
            "missing_lines": 0,
            "excluded_lines": 0
          },
          "missing_lines": [],
          "excluded_lines": []
        }
      }
    },
    "scripts/qdrant_adapter.py": {
      "executed_lines": [
        1, 15, 16, 17, 18, 19, 21, 22, 23, 25, 28, 29, 30, 31, 34, 35, 38, 41,
        42, 45, 46, 53, 55, 56, 57, 59, 61, 62, 64, 65, 66, 67, 104, 106, 107,
        108, 110, 111, 112, 118, 126, 137, 138, 141, 156, 160, 161, 167, 176,
        177, 179, 180, 181, 183, 197, 198, 199, 203, 211, 212, 213, 214, 215,
        216, 218, 220, 221, 227, 237, 239, 252, 254, 260, 271, 273, 286, 290,
        291, 292, 295, 296, 299, 303, 304, 310, 317, 318, 331, 334, 338, 342,
        348, 391, 436, 443, 444, 446, 462, 465, 468, 469, 470
      ],
      "summary": {
        "covered_lines": 100,
        "num_statements": 167,
        "percent_covered": 59.880239520958085,
        "percent_covered_display": "60",
        "missing_lines": 67,
        "excluded_lines": 0
      },
      "missing_lines": [
        68, 70, 71, 74, 78, 79, 82, 83, 84, 86, 87, 90, 91, 92, 96, 97, 99, 102,
        120, 122, 123, 124, 164, 165, 223, 224, 225, 253, 256, 257, 258, 287,
        288, 306, 307, 308, 344, 345, 346, 358, 360, 373, 374, 375, 377, 379,
        384, 385, 387, 388, 389, 401, 402, 404, 405, 406, 408, 423, 424, 425,
        430, 432, 433, 434, 456, 457, 458
      ],
      "excluded_lines": [],
      "functions": {
        "QdrantAdapter.__init__": {
          "executed_lines": [55, 56, 57],
          "summary": {
            "covered_lines": 3,
            "num_statements": 3,
            "percent_covered": 100.0,
            "percent_covered_display": "100",
            "missing_lines": 0,
            "excluded_lines": 0
          },
          "missing_lines": [],
          "excluded_lines": []
        },
        "QdrantAdapter._connect_with_retry": {
          "executed_lines": [61, 62, 64, 65, 66, 67],
          "summary": {
            "covered_lines": 6,
            "num_statements": 24,
            "percent_covered": 25.0,
            "percent_covered_display": "25",
            "missing_lines": 18,
            "excluded_lines": 0
          },
          "missing_lines": [
            68, 70, 71, 74, 78, 79, 82, 83, 84, 86, 87, 90, 91, 92, 96, 97, 99,
            102
          ],
          "excluded_lines": []
        },
        "QdrantAdapter._ensure_collection": {
          "executed_lines": [106, 107, 108, 110, 111, 112, 118],
          "summary": {
            "covered_lines": 7,
            "num_statements": 11,
            "percent_covered": 63.63636363636363,
            "percent_covered_display": "64",
            "missing_lines": 4,
            "excluded_lines": 0
          },
          "missing_lines": [120, 122, 123, 124],
          "excluded_lines": []
        },
        "QdrantAdapter.save_face": {
          "executed_lines": [
            137, 138, 141, 156, 160, 161, 167, 176, 177, 179, 180, 181
          ],
          "summary": {
            "covered_lines": 12,
            "num_statements": 14,
            "percent_covered": 85.71428571428571,
            "percent_covered_display": "86",
            "missing_lines": 2,
            "excluded_lines": 0
          },
          "missing_lines": [164, 165],
          "excluded_lines": []
        },
        "QdrantAdapter.search_similar_faces": {
          "executed_lines": [
            197, 198, 199, 203, 211, 212, 213, 214, 215, 216, 218, 220, 221
          ],
          "summary": {
            "covered_lines": 13,
            "num_statements": 16,
            "percent_covered": 81.25,
            "percent_covered_display": "81",
            "missing_lines": 3,
            "excluded_lines": 0
          },
          "missing_lines": [223, 224, 225],
          "excluded_lines": []
        },
        "QdrantAdapter.get_face": {
          "executed_lines": [237, 239, 252, 254],
          "summary": {
            "covered_lines": 4,
            "num_statements": 8,
            "percent_covered": 50.0,
            "percent_covered_display": "50",
            "missing_lines": 4,
            "excluded_lines": 0
          },
          "missing_lines": [253, 256, 257, 258],
          "excluded_lines": []
        },
        "QdrantAdapter.update_face": {
          "executed_lines": [
            271, 273, 286, 290, 291, 292, 295, 296, 299, 303, 304
          ],
          "summary": {
            "covered_lines": 11,
            "num_statements": 16,
            "percent_covered": 68.75,
            "percent_covered_display": "69",
            "missing_lines": 5,
            "excluded_lines": 0
          },
          "missing_lines": [287, 288, 306, 307, 308],
          "excluded_lines": []
        },
        "QdrantAdapter.get_unclassified_faces": {
          "executed_lines": [317, 318, 331, 334, 338, 342],
          "summary": {
            "covered_lines": 6,
            "num_statements": 9,
            "percent_covered": 66.66666666666667,
            "percent_covered_display": "67",
            "missing_lines": 3,
            "excluded_lines": 0
          },
          "missing_lines": [344, 345, 346],
          "excluded_lines": []
        },
        "QdrantAdapter.delete_face": {
          "executed_lines": [],
          "summary": {
            "covered_lines": 0,
            "num_statements": 12,
            "percent_covered": 0.0,
            "percent_covered_display": "0",
            "missing_lines": 12,
            "excluded_lines": 0
          },
          "missing_lines": [
            358, 360, 373, 374, 375, 377, 379, 384, 385, 387, 388, 389
          ],
          "excluded_lines": []
        },
        "QdrantAdapter.check_recent_detection": {
          "executed_lines": [],
          "summary": {
            "covered_lines": 0,
            "num_statements": 13,
            "percent_covered": 0.0,
            "percent_covered_display": "0",
            "missing_lines": 13,
            "excluded_lines": 0
          },
          "missing_lines": [
            401, 402, 404, 405, 406, 408, 423, 424, 425, 430, 432, 433, 434
          ],
          "excluded_lines": []
        },
        "QdrantAdapter.get_stats": {
          "executed_lines": [443, 444, 446],
          "summary": {
            "covered_lines": 3,
            "num_statements": 6,
            "percent_covered": 50.0,
            "percent_covered_display": "50",
            "missing_lines": 3,
            "excluded_lines": 0
          },
          "missing_lines": [456, 457, 458],
          "excluded_lines": []
        },
        "get_qdrant_adapter": {
          "executed_lines": [468, 469, 470],
          "summary": {
            "covered_lines": 3,
            "num_statements": 3,
            "percent_covered": 100.0,
            "percent_covered_display": "100",
            "missing_lines": 0,
            "excluded_lines": 0
          },
          "missing_lines": [],
          "excluded_lines": []
        },
        "": {
          "executed_lines": [
            1, 15, 16, 17, 18, 19, 21, 22, 23, 25, 28, 29, 30, 31, 34, 35, 38,
            41, 42, 45, 46, 53, 59, 104, 126, 183, 227, 260, 310, 348, 391, 436,
            462, 465
          ],
          "summary": {
            "covered_lines": 32,
            "num_statements": 32,
            "percent_covered": 100.0,
            "percent_covered_display": "100",
            "missing_lines": 0,
            "excluded_lines": 0
          },
          "missing_lines": [],
          "excluded_lines": []
        }
      },
      "classes": {
        "QdrantAdapter": {
          "executed_lines": [
            55, 56, 57, 61, 62, 64, 65, 66, 67, 106, 107, 108, 110, 111, 112,
            118, 137, 138, 141, 156, 160, 161, 167, 176, 177, 179, 180, 181,
            197, 198, 199, 203, 211, 212, 213, 214, 215, 216, 218, 220, 221,
            237, 239, 252, 254, 271, 273, 286, 290, 291, 292, 295, 296, 299,
            303, 304, 317, 318, 331, 334, 338, 342, 443, 444, 446
          ],
          "summary": {
            "covered_lines": 65,
            "num_statements": 132,
            "percent_covered": 49.24242424242424,
            "percent_covered_display": "49",
            "missing_lines": 67,
            "excluded_lines": 0
          },
          "missing_lines": [
            68, 70, 71, 74, 78, 79, 82, 83, 84, 86, 87, 90, 91, 92, 96, 97, 99,
            102, 120, 122, 123, 124, 164, 165, 223, 224, 225, 253, 256, 257,
            258, 287, 288, 306, 307, 308, 344, 345, 346, 358, 360, 373, 374,
            375, 377, 379, 384, 385, 387, 388, 389, 401, 402, 404, 405, 406,
            408, 423, 424, 425, 430, 432, 433, 434, 456, 457, 458
          ],
          "excluded_lines": []
        },
        "": {
          "executed_lines": [
            1, 15, 16, 17, 18, 19, 21, 22, 23, 25, 28, 29, 30, 31, 34, 35, 38,
            41, 42, 45, 46, 53, 59, 104, 126, 183, 227, 260, 310, 348, 391, 436,
            462, 465, 468, 469, 470
          ],
          "summary": {
            "covered_lines": 35,
            "num_statements": 35,
            "percent_covered": 100.0,
            "percent_covered_display": "100",
            "missing_lines": 0,
            "excluded_lines": 0
          },
          "missing_lines": [],
          "excluded_lines": []
        }
      }
    }
  },
  "totals": {
    "covered_lines": 324,
    "num_statements": 674,
    "percent_covered": 48.07121661721068,
    "percent_covered_display": "48",
    "missing_lines": 350,
    "excluded_lines": 0
  }
}
